MPASM  5.44                   PRACTICA_10.ASM   11-27-2023  13:58:54         PAGE  1


LOC  OBJECT CODE     LINE SOURCE TEXT
  VALUE

                      00001 ;Enunciado del problema
                      00002 ;PRÁCTICA 10.- CONTROL DE GIRO DE MOTOR A PASOS
                      00003 ;DISEÑE CON EL PIC16F887 UN PROGRAMA PARA CONTROLAR UN MOTOR A PASOS, DEBEN ELEGIR CON 2 BITS EL NÚMERO 
                            DE VUELTAS, 
                      00004 ;EN 00 CERO VUELTAS, EN 01 UNA VUELTA, EN 10 DOS VUELTAS Y 11 3 VUELTAS.
                      00005 ;INTEGRANTES:
                      00006 ;ANDRADE SALAZAR IGNACIO
                      00007 ;ORTIZ JIMENEZ VLADIMIR
                      00008 ;GUERRERO SANTANA EDGAR GEOVANNY
                      00009 ;FECHA: 18/09/2023
                      00010 
                      00011                 LIST P=16F887                   ;INDICA EL MICRO QUE SEVA A PROGRAMAR
                      00012                 INCLUDE "P16F887.INC"           ;CARGA LA LIBRERIA DEL MICRO QUE USAREMOS
                      00001         LIST
                      00002 
                      00003 ;==========================================================================
                      00004 ;  MPASM PIC16F887 processor include
                      00005 ; 
                      00006 ;  (c) Copyright 1999-2012 Microchip Technology, All rights reserved
                      00007 ;==========================================================================
                      00008 
                      00809         LIST
Warning[207]: Found label after column 1. (DATO)
  00000025            00013                 DATO    EQU 0x25                        ;DECLARAMOS UN REGISTRO LLAMADO DATO EN LA DIR 2
                            0 HEX
Warning[207]: Found label after column 1. (DATO1)
  00000026            00014                 DATO1   EQU     0X26
Warning[207]: Found label after column 1. (R0)
  00000020            00015                 R0      EQU     0X20
Warning[207]: Found label after column 1. (R1)
  00000021            00016                 R1      EQU     0X21
Warning[207]: Found label after column 1. (R2)
  00000022            00017                 R2      EQU     0X22
Warning[207]: Found label after column 1. (R3)
  00000023            00018                 R3      EQU 0X23
Warning[207]: Found label after column 1. (R4)
  00000024            00019                 R4      EQU     0X24
Warning[207]: Found label after column 1. (R5)
  00000027            00020                 R5      EQU     0X27
Warning[207]: Found label after column 1. (C1)
  00000028            00021                 C1      EQU     0X28
0000                  00022                 ORG 0x00                        ;INDICA QUE EL PROGRAMA EMPIEZA EN LA DIRECCIÓN 0
0000   2801           00023                 GOTO INICIO                     ;IR A LA ETIQUETA INICIO
                      00024 
0001   1683           00025 INICIO  BSF STATUS,RP0                  ;PONE EN 1 EL BIT RP0 DEL STATUS
0002   1703           00026                 BSF STATUS,RP1                  ;PONE EN 1 EL BIT RP1 DEL STATUS (Nos mandan al banco 3)
Message[302]: Register in operand not in bank 0.  Ensure that bank bits are correct.
0003   0188           00027                 CLRF ANSEL                      ;PONE EN ENTRADAS O SALIDAS DIGITALES A LOS PORTA Y PORT
                            E
Message[302]: Register in operand not in bank 0.  Ensure that bank bits are correct.
0004   0189           00028                 CLRF ANSELH                             ;PONE EN E/S DIGITAL EL PORTB
Message[302]: Register in operand not in bank 0.  Ensure that bank bits are correct.
0005   0186           00029                 CLRF TRISB                      ;PONE EN SALIDA AL PORTB
MPASM  5.44                   PRACTICA_10.ASM   11-27-2023  13:58:54         PAGE  2


LOC  OBJECT CODE     LINE SOURCE TEXT
  VALUE

0006   1283           00030                 BCF STATUS,RP0
0007   1303           00031                 BCF STATUS,RP1                  ;PONE LOS BITS EN 0 Y NOS MANDA AL BANCO 0
0008   3000           00032                 MOVLW b'00000000'               
0009   0086           00033                 MOVWF PORTB     
                      00034 
                      00035 
000A   0805           00036 LEER            MOVF            PORTA,W                 ;MOVER PORTA -> W       
000B   3A01           00037                         XORLW           b'00000001'             ;HACER LA COMPARACIÓN DE VALORES
000C   1D03           00038                         BTFSS           STATUS,Z                ;CHECAR SI BIT Z = 1, DATO CORRECTO
000D   2811           00039                         GOTO            LEER2
000E   3001           00040                         MOVLW           .1
000F   00A8           00041                         MOVWF           C1
0010   2048           00042                         CALL            VUELTA1
0011   0805           00043 LEER2           MOVF            PORTA,W                 ;MOVER PORTA -> W       
0012   3A02           00044                         XORLW           b'00000010'             ;HACER LA COMPARACIÓN DE VALORES
0013   1D03           00045                         BTFSS           STATUS,Z                ;CHECAR SI BIT Z = 1, DATO CORRECTO
0014   2818           00046                         GOTO            LEER3
0015   3002           00047                         MOVLW           .2
0016   00A8           00048                         MOVWF           C1
0017   2048           00049                         CALL            VUELTA1
0018   0805           00050 LEER3           MOVF            PORTA,W                 ;MOVER PORTA -> W       
0019   3A03           00051                         XORLW           b'00000011'             ;HACER LA COMPARACIÓN DE VALORES
001A   1D03           00052                         BTFSS           STATUS,Z                ;CHECAR SI BIT Z = 1, DATO CORRECTO
001B   283C           00053                         GOTO            APAGAR
001C   3003           00054                         MOVLW           .3
001D   00A8           00055                         MOVWF           C1
001E   2048           00056                         CALL            VUELTA1
                      00057                         
                      00058 
                      00059 
                      00060                                                 
                      00061 
001F   3001           00062 VUELTAS         MOVLW b'00000001'               
0020   0086           00063                         MOVWF PORTB                                                     
0021   205F           00064                         CALL    TIME
0022   3003           00065                         MOVLW b'00000011'               
0023   0086           00066                         MOVWF PORTB                                                     
0024   205F           00067                         CALL    TIME
0025   3002           00068                         MOVLW b'00000010'               
0026   0086           00069                         MOVWF PORTB                                                     
0027   205F           00070                         CALL    TIME
0028   3006           00071                         MOVLW b'00000110'               
0029   0086           00072                         MOVWF PORTB                                                     
002A   205F           00073                         CALL    TIME
002B   3004           00074                         MOVLW b'00000100'               
002C   0086           00075                         MOVWF PORTB                                                     
002D   205F           00076                         CALL    TIME
002E   300C           00077                         MOVLW b'00001100'               
002F   0086           00078                         MOVWF PORTB                                                     
0030   205F           00079                         CALL    TIME
0031   3008           00080                         MOVLW b'00001000'               
0032   0086           00081                         MOVWF PORTB                                                     
0033   205F           00082                         CALL    TIME
MPASM  5.44                   PRACTICA_10.ASM   11-27-2023  13:58:54         PAGE  3


LOC  OBJECT CODE     LINE SOURCE TEXT
  VALUE

0034   3009           00083                         MOVLW b'00001001'               
0035   0086           00084                         MOVWF PORTB                                                     
0036   205F           00085                         CALL    TIME                    
0037   0BA5           00086                         DECFSZ  DATO,F
0038   281F           00087                         GOTO    VUELTAS
0039   0BA6           00088                         DECFSZ  DATO1,F
003A   281F           00089                         GOTO    VUELTAS
003B   0008           00090                         RETURN
                      00091                         
                      00092                         
                      00093 
                      00094                         
003C   3000           00095 APAGAR          MOVLW b'00000000'               
003D   0086           00096                         MOVWF PORTB     
003E   280A           00097                         GOTO    LEER
                      00098 
003F   3003           00099 BUZZER          MOVLW   .3
0040   00A7           00100                         MOVWF   R5
0041   1606           00101 ESO                     BSF             PORTB,RB4
0042   2052           00102                         CALL    TIME2
0043   1206           00103                         BCF             PORTB,RB4
0044   2052           00104                         CALL    TIME2
0045   0BA7           00105                         DECFSZ  R5,F
0046   2841           00106                         GOTO    ESO
0047   0008           00107                         RETURN  
                      00108 
0048   30FF           00109 VUELTA1         MOVLW           .255
0049   00A5           00110                         MOVWF           DATO
004A   3002           00111                         MOVLW           .2
004B   00A6           00112                         MOVWF           DATO1
004C   201F           00113                         CALL            VUELTAS
004D   203F           00114                         CALL            BUZZER
Message[305]: Using default destination of 1 (file).
004E   0BA8           00115                         DECFSZ          C1
004F   2848           00116                         GOTO            VUELTA1
0050   283C           00117                         GOTO            APAGAR
0051   0008           00118                         RETURN
                      00119                         
                      00120                         
                      00121 
                      00122 
0052   305C           00123 TIME2           MOVLW   0X5c
0053   00A2           00124                         MOVWF   R2
0054   3026           00125                         MOVLW   0X26
0055   00A3           00126                         MOVWF   R3
0056   300B           00127                         MOVLW   0X0b
0057   00A4           00128                         MOVWF   R4
                      00129                         
                      00130 
0058   0BA2           00131 AQUI2           DECFSZ  R2,F
0059   2858           00132                         GOTO    AQUI2
005A   0BA3           00133                         DECFSZ  R3,F
005B   2858           00134                         GOTO    AQUI2
MPASM  5.44                   PRACTICA_10.ASM   11-27-2023  13:58:54         PAGE  4


LOC  OBJECT CODE     LINE SOURCE TEXT
  VALUE

005C   0BA4           00135                         DECFSZ  R4,F
005D   2863           00136                         GOTO    AQUI
005E   0008           00137                         RETURN
                      00138 
                      00139 
005F   30FA           00140 TIME            MOVLW   0Xfa
0060   00A0           00141                         MOVWF   R0
0061   300D           00142                         MOVLW   0X0d
0062   00A1           00143                         MOVWF   R1
                      00144                         
                      00145 
0063   0BA0           00146 AQUI            DECFSZ  R0,F
0064   2863           00147                         GOTO    AQUI
0065   0BA1           00148                         DECFSZ  R1,F
0066   2863           00149                         GOTO    AQUI
0067   0008           00150                         RETURN
                      00151                         END
MPASM  5.44                   PRACTICA_10.ASM   11-27-2023  13:58:54         PAGE  5


SYMBOL TABLE
  LABEL                             VALUE 

ABDEN                             00000000
ABDOVF                            00000007
ACKDT                             00000005
ACKEN                             00000004
ACKSTAT                           00000006
ADCON0                            0000001F
ADCON1                            0000009F
ADCS0                             00000006
ADCS1                             00000007
ADDEN                             00000003
ADFM                              00000007
ADIE                              00000006
ADIF                              00000006
ADON                              00000000
ADRESH                            0000001E
ADRESL                            0000009E
ANS0                              00000000
ANS1                              00000001
ANS10                             00000002
ANS11                             00000003
ANS12                             00000004
ANS13                             00000005
ANS2                              00000002
ANS3                              00000003
ANS4                              00000004
ANS5                              00000005
ANS6                              00000006
ANS7                              00000007
ANS8                              00000000
ANS9                              00000001
ANSEL                             00000188
ANSELH                            00000189
APAGAR                            0000003C
AQUI                              00000063
AQUI2                             00000058
BAUDCTL                           00000187
BCLIE                             00000003
BCLIF                             00000003
BF                                00000000
BRG0                              00000000
BRG1                              00000001
BRG10                             00000002
BRG11                             00000003
BRG12                             00000004
BRG13                             00000005
BRG14                             00000006
BRG15                             00000007
BRG16                             00000003
BRG2                              00000002
BRG3                              00000003
BRG4                              00000004
BRG5                              00000005
BRG6                              00000006
MPASM  5.44                   PRACTICA_10.ASM   11-27-2023  13:58:54         PAGE  6


SYMBOL TABLE
  LABEL                             VALUE 

BRG7                              00000007
BRG8                              00000000
BRG9                              00000001
BRGH                              00000002
BUZZER                            0000003F
C                                 00000000
C1                                00000028
C1CH0                             00000000
C1CH1                             00000001
C1IE                              00000005
C1IF                              00000005
C1OE                              00000005
C1ON                              00000007
C1OUT                             00000006
C1POL                             00000004
C1R                               00000002
C1RSEL                            00000005
C1SEN                             00000005
C2CH0                             00000000
C2CH1                             00000001
C2IE                              00000006
C2IF                              00000006
C2OE                              00000005
C2ON                              00000007
C2OUT                             00000006
C2POL                             00000004
C2R                               00000002
C2REN                             00000004
C2RSEL                            00000004
C2SYNC                            00000000
CCP1CON                           00000017
CCP1IE                            00000002
CCP1IF                            00000002
CCP1M0                            00000000
CCP1M1                            00000001
CCP1M2                            00000002
CCP1M3                            00000003
CCP1X                             00000005
CCP1Y                             00000004
CCP2CON                           0000001D
CCP2IE                            00000000
CCP2IF                            00000000
CCP2M0                            00000000
CCP2M1                            00000001
CCP2M2                            00000002
CCP2M3                            00000003
CCP2X                             00000005
CCP2Y                             00000004
CCPR1                             00000015
CCPR1H                            00000016
CCPR1L                            00000015
CCPR2                             0000001B
CCPR2H                            0000001C
MPASM  5.44                   PRACTICA_10.ASM   11-27-2023  13:58:54         PAGE  7


SYMBOL TABLE
  LABEL                             VALUE 

CCPR2L                            0000001B
CHS0                              00000002
CHS1                              00000003
CHS2                              00000004
CHS3                              00000005
CKE                               00000006
CKP                               00000004
CM1CON0                           00000107
CM2CON0                           00000108
CM2CON1                           00000109
CREN                              00000004
CSRC                              00000007
D                                 00000005
DATA_ADDRESS                      00000005
DATO                              00000025
DATO1                             00000026
DC                                00000001
DC1B0                             00000004
DC1B1                             00000005
DC2B0                             00000004
DC2B1                             00000005
D_A                               00000005
D_NOT_A                           00000005
ECCPAS                            0000009C
ECCPAS0                           00000004
ECCPAS1                           00000005
ECCPAS2                           00000006
ECCPASE                           00000007
EEADR                             0000010D
EEADRH                            0000010F
EECON1                            0000018C
EECON2                            0000018D
EEDAT                             0000010C
EEDATA                            0000010C
EEDATH                            0000010E
EEIE                              00000004
EEIF                              00000004
EEPGD                             00000007
ESO                               00000041
F                                 00000001
FERR                              00000002
FSR                               00000004
FVREN                             00000000
GCEN                              00000007
GIE                               00000007
GO                                00000001
GO_DONE                           00000001
GO_NOT_DONE                       00000001
HTS                               00000002
I2C_DATA                          00000005
I2C_READ                          00000002
I2C_START                         00000003
I2C_STOP                          00000004
MPASM  5.44                   PRACTICA_10.ASM   11-27-2023  13:58:54         PAGE  8


SYMBOL TABLE
  LABEL                             VALUE 

INDF                              00000000
INICIO                            00000001
INTCON                            0000000B
INTE                              00000004
INTEDG                            00000006
INTF                              00000001
IOCB                              00000096
IOCB0                             00000000
IOCB1                             00000001
IOCB2                             00000002
IOCB3                             00000003
IOCB4                             00000004
IOCB5                             00000005
IOCB6                             00000006
IOCB7                             00000007
IRCF0                             00000004
IRCF1                             00000005
IRCF2                             00000006
IRP                               00000007
LEER                              0000000A
LEER2                             00000011
LEER3                             00000018
LTS                               00000001
MC1OUT                            00000007
MC2OUT                            00000006
MSK                               00000093
MSK0                              00000000
MSK1                              00000001
MSK2                              00000002
MSK3                              00000003
MSK4                              00000004
MSK5                              00000005
MSK6                              00000006
MSK7                              00000007
NOT_A                             00000005
NOT_ADDRESS                       00000005
NOT_BO                            00000000
NOT_BOR                           00000000
NOT_DONE                          00000001
NOT_PD                            00000003
NOT_POR                           00000001
NOT_RBPU                          00000007
NOT_RC8                           00000006
NOT_T1SYNC                        00000002
NOT_TO                            00000004
NOT_TX8                           00000006
NOT_W                             00000002
NOT_WRITE                         00000002
OERR                              00000001
OPTION_REG                        00000081
OSCCON                            0000008F
OSCTUNE                           00000090
OSFIE                             00000007
MPASM  5.44                   PRACTICA_10.ASM   11-27-2023  13:58:54         PAGE  9


SYMBOL TABLE
  LABEL                             VALUE 

OSFIF                             00000007
OSTS                              00000003
P                                 00000004
P1M0                              00000006
P1M1                              00000007
PCL                               00000002
PCLATH                            0000000A
PCON                              0000008E
PDC0                              00000000
PDC1                              00000001
PDC2                              00000002
PDC3                              00000003
PDC4                              00000004
PDC5                              00000005
PDC6                              00000006
PEIE                              00000006
PEN                               00000002
PIE1                              0000008C
PIE2                              0000008D
PIR1                              0000000C
PIR2                              0000000D
PORTA                             00000005
PORTB                             00000006
PORTC                             00000007
PORTD                             00000008
PORTE                             00000009
PR2                               00000092
PRSEN                             00000007
PS0                               00000000
PS1                               00000001
PS2                               00000002
PSA                               00000003
PSSAC0                            00000002
PSSAC1                            00000003
PSSBD0                            00000000
PSSBD1                            00000001
PSTRCON                           0000009D
PULSR                             00000002
PULSS                             00000003
PWM1CON                           0000009B
R                                 00000002
R0                                00000020
R1                                00000021
R2                                00000022
R3                                00000023
R4                                00000024
R5                                00000027
RA0                               00000000
RA1                               00000001
RA2                               00000002
RA3                               00000003
RA4                               00000004
RA5                               00000005
MPASM  5.44                   PRACTICA_10.ASM   11-27-2023  13:58:54         PAGE 10


SYMBOL TABLE
  LABEL                             VALUE 

RA6                               00000006
RA7                               00000007
RB0                               00000000
RB1                               00000001
RB2                               00000002
RB3                               00000003
RB4                               00000004
RB5                               00000005
RB6                               00000006
RB7                               00000007
RBIE                              00000003
RBIF                              00000000
RC0                               00000000
RC1                               00000001
RC2                               00000002
RC3                               00000003
RC4                               00000004
RC5                               00000005
RC6                               00000006
RC7                               00000007
RC8_9                             00000006
RC9                               00000006
RCD8                              00000000
RCEN                              00000003
RCIDL                             00000006
RCIE                              00000005
RCIF                              00000005
RCREG                             0000001A
RCSTA                             00000018
RD                                00000000
RD0                               00000000
RD1                               00000001
RD2                               00000002
RD3                               00000003
RD4                               00000004
RD5                               00000005
RD6                               00000006
RD7                               00000007
RE0                               00000000
RE1                               00000001
RE2                               00000002
RE3                               00000003
READ_WRITE                        00000002
RP0                               00000005
RP1                               00000006
RSEN                              00000001
RX9                               00000006
RX9D                              00000000
R_NOT_W                           00000002
R_W                               00000002
S                                 00000003
SBOREN                            00000004
SCKP                              00000004
MPASM  5.44                   PRACTICA_10.ASM   11-27-2023  13:58:54         PAGE 11


SYMBOL TABLE
  LABEL                             VALUE 

SCS                               00000000
SEN                               00000000
SENDB                             00000003
SMP                               00000007
SPBRG                             00000099
SPBRGH                            0000009A
SPEN                              00000007
SR0                               00000006
SR1                               00000007
SRCON                             00000185
SREN                              00000005
SSPADD                            00000093
SSPBUF                            00000013
SSPCON                            00000014
SSPCON2                           00000091
SSPEN                             00000005
SSPIE                             00000003
SSPIF                             00000003
SSPM0                             00000000
SSPM1                             00000001
SSPM2                             00000002
SSPM3                             00000003
SSPMSK                            00000093
SSPOV                             00000006
SSPSTAT                           00000094
STATUS                            00000003
STRA                              00000000
STRB                              00000001
STRC                              00000002
STRD                              00000003
STRSYNC                           00000004
SWDTEN                            00000000
SYNC                              00000004
T0CS                              00000005
T0IE                              00000005
T0IF                              00000002
T0SE                              00000004
T1CKPS0                           00000004
T1CKPS1                           00000005
T1CON                             00000010
T1GINV                            00000007
T1GIV                             00000007
T1GSS                             00000001
T1INSYNC                          00000002
T1OSCEN                           00000003
T1SYNC                            00000002
T2CKPS0                           00000000
T2CKPS1                           00000001
T2CON                             00000012
TIME                              0000005F
TIME2                             00000052
TMR0                              00000001
TMR0IE                            00000005
MPASM  5.44                   PRACTICA_10.ASM   11-27-2023  13:58:54         PAGE 12


SYMBOL TABLE
  LABEL                             VALUE 

TMR0IF                            00000002
TMR1                              0000000E
TMR1CS                            00000001
TMR1GE                            00000006
TMR1H                             0000000F
TMR1IE                            00000000
TMR1IF                            00000000
TMR1L                             0000000E
TMR1ON                            00000000
TMR2                              00000011
TMR2IE                            00000001
TMR2IF                            00000001
TMR2ON                            00000002
TOUTPS0                           00000003
TOUTPS1                           00000004
TOUTPS2                           00000005
TOUTPS3                           00000006
TRISA                             00000085
TRISA0                            00000000
TRISA1                            00000001
TRISA2                            00000002
TRISA3                            00000003
TRISA4                            00000004
TRISA5                            00000005
TRISA6                            00000006
TRISA7                            00000007
TRISB                             00000086
TRISB0                            00000000
TRISB1                            00000001
TRISB2                            00000002
TRISB3                            00000003
TRISB4                            00000004
TRISB5                            00000005
TRISB6                            00000006
TRISB7                            00000007
TRISC                             00000087
TRISC0                            00000000
TRISC1                            00000001
TRISC2                            00000002
TRISC3                            00000003
TRISC4                            00000004
TRISC5                            00000005
TRISC6                            00000006
TRISC7                            00000007
TRISD                             00000088
TRISD0                            00000000
TRISD1                            00000001
TRISD2                            00000002
TRISD3                            00000003
TRISD4                            00000004
TRISD5                            00000005
TRISD6                            00000006
TRISD7                            00000007
MPASM  5.44                   PRACTICA_10.ASM   11-27-2023  13:58:54         PAGE 13


SYMBOL TABLE
  LABEL                             VALUE 

TRISE                             00000089
TRISE0                            00000000
TRISE1                            00000001
TRISE2                            00000002
TRISE3                            00000003
TRMT                              00000001
TUN0                              00000000
TUN1                              00000001
TUN2                              00000002
TUN3                              00000003
TUN4                              00000004
TX8_9                             00000006
TX9                               00000006
TX9D                              00000000
TXD8                              00000000
TXEN                              00000005
TXIE                              00000004
TXIF                              00000004
TXREG                             00000019
TXSTA                             00000098
UA                                00000001
ULPWUE                            00000005
ULPWUIE                           00000002
ULPWUIF                           00000002
VCFG0                             00000004
VCFG1                             00000005
VR0                               00000000
VR1                               00000001
VR2                               00000002
VR3                               00000003
VRCON                             00000097
VREN                              00000007
VROE                              00000006
VRR                               00000005
VRSS                              00000004
VUELTA1                           00000048
VUELTAS                           0000001F
W                                 00000000
WCOL                              00000007
WDTCON                            00000105
WDTPS0                            00000001
WDTPS1                            00000002
WDTPS2                            00000003
WDTPS3                            00000004
WPUB                              00000095
WPUB0                             00000000
WPUB1                             00000001
WPUB2                             00000002
WPUB3                             00000003
WPUB4                             00000004
WPUB5                             00000005
WPUB6                             00000006
WPUB7                             00000007
MPASM  5.44                   PRACTICA_10.ASM   11-27-2023  13:58:54         PAGE 14


SYMBOL TABLE
  LABEL                             VALUE 

WR                                00000001
WREN                              00000002
WRERR                             00000003
WUE                               00000001
Z                                 00000002
_BOR21V                           00003EFF
_BOR40V                           00003FFF
_BOR4V_BOR21V                     00003EFF
_BOR4V_BOR40V                     00003FFF
_BOREN_NSLEEP                     00003EFF
_BOREN_OFF                        00003CFF
_BOREN_ON                         00003FFF
_BOREN_SBODEN                     00003DFF
_BOR_NSLEEP                       00003EFF
_BOR_OFF                          00003CFF
_BOR_ON                           00003FFF
_BOR_SBODEN                       00003DFF
_CONFIG1                          00002007
_CONFIG2                          00002008
_CPD_OFF                          00003FFF
_CPD_ON                           00003F7F
_CP_OFF                           00003FFF
_CP_ON                            00003FBF
_DEBUG_OFF                        00003FFF
_DEBUG_ON                         00001FFF
_DEVID1                           00002006
_EC_OSC                           00003FFB
_EXTRC                            00003FFF
_EXTRCIO                          00003FFE
_EXTRC_OSC_CLKOUT                 00003FFF
_EXTRC_OSC_NOCLKOUT               00003FFE
_FCMEN_OFF                        000037FF
_FCMEN_ON                         00003FFF
_FOSC_EC                          00003FFB
_FOSC_EXTRC_CLKOUT                00003FFF
_FOSC_EXTRC_NOCLKOUT              00003FFE
_FOSC_HS                          00003FFA
_FOSC_INTRC_CLKOUT                00003FFD
_FOSC_INTRC_NOCLKOUT              00003FFC
_FOSC_LP                          00003FF8
_FOSC_XT                          00003FF9
_HS_OSC                           00003FFA
_IDLOC0                           00002000
_IDLOC1                           00002001
_IDLOC2                           00002002
_IDLOC3                           00002003
_IESO_OFF                         00003BFF
_IESO_ON                          00003FFF
_INTOSC                           00003FFD
_INTOSCIO                         00003FFC
_INTRC_OSC_CLKOUT                 00003FFD
_INTRC_OSC_NOCLKOUT               00003FFC
_LP_OSC                           00003FF8
MPASM  5.44                   PRACTICA_10.ASM   11-27-2023  13:58:54         PAGE 15


SYMBOL TABLE
  LABEL                             VALUE 

_LVP_OFF                          00002FFF
_LVP_ON                           00003FFF
_MCLRE_OFF                        00003FDF
_MCLRE_ON                         00003FFF
_PWRTE_OFF                        00003FFF
_PWRTE_ON                         00003FEF
_WDTE_OFF                         00003FF7
_WDTE_ON                          00003FFF
_WDT_OFF                          00003FF7
_WDT_ON                           00003FFF
_WRT_1FOURTH                      00003BFF
_WRT_256                          00003DFF
_WRT_HALF                         000039FF
_WRT_OFF                          00003FFF
_XT_OSC                           00003FF9
__16F887                          00000001


MEMORY USAGE MAP ('X' = Used,  '-' = Unused)

0000 : XXXXXXXXXXXXXXXX XXXXXXXXXXXXXXXX XXXXXXXXXXXXXXXX XXXXXXXXXXXXXXXX
0040 : XXXXXXXXXXXXXXXX XXXXXXXXXXXXXXXX XXXXXXXX-------- ----------------

All other memory blocks unused.

Program Memory Words Used:   104
Program Memory Words Free:  8088


Errors   :     0
Warnings :     9 reported,     0 suppressed
Messages :     4 reported,     0 suppressed

