MPASM  5.44                    PRACTICA_9.ASM   11-23-2023  16:01:19         PAGE  1


LOC  OBJECT CODE     LINE SOURCE TEXT
  VALUE

                      00001 ;PRÁCTICA 9.- TEMPORIZADOR 20 SEGUNDOS
                      00002 ;DISEÑE CON EL PIC16F887 UN TEMPORIZADOR DE 20 SEGUNDOS, 
                      00003 ;EL CUAL INICIARÁ CON UN 19 EN EL DISPLAY Y SE DECREMENTARÁ HASTA CERO, 
                      00004 ;CUANDO LA CUENTA EN EL DISPLAY LLEGUE A 0 
                      00005 ;UN BUZZER CONECTADO EN UN PIN DE SALIDA PITARÁ 3 VECES 
                      00006 ;INDICANDO LA FINALIZACIÓN. EL TEMPORIZADOR ARRANCARÁ 
                      00007 ;CUANDO SE PRESIONE EL BOTÓN DE RESET (RE3), 
                      00008 ;VOLVIENDO DE NUEVO EL DISPLAY A REGRESAR A 19 PARA QUEDAR LISTO 
                      00009 ;PARA OTRA ACTIVACIÓN.
                      00010 
                      00011 ;NOTA, EL BIT RE3 SERÁ CONFIGURADO COMO ENTRADA, 
                      00012 ;POR LO TANTO DEBERÁ SER CONSIDERADA TAL MODIFICACIÓN EN LOS BITS 
                      00013 ;DE CONFIGURACIÓN ANTES DE COMPILAR. EN LUGAR DE 24F4, DEBERÁ SER 24D4.
                      00014 ;ANDRADE SALAZAR IGNACIO
                      00015 ;ORTIZ JIMENEZ VLADIMIR
                      00016 ;GUERRERO SANTANA EDGAR GEOVANNY
                      00017 ;FECHA: 30/10/2023
                      00018 
                      00019 
                      00020         LIST P=16F887           ;ELEGIR EL PIC
                      00021                         INCLUDE "P16F887.INC"   ;CARGA LA LIBRERIA DEL PIC
                      00001         LIST
                      00002 
                      00003 ;==========================================================================
                      00004 ;  MPASM PIC16F887 processor include
                      00005 ; 
                      00006 ;  (c) Copyright 1999-2012 Microchip Technology, All rights reserved
                      00007 ;==========================================================================
                      00008 
                      00809         LIST
  00000020            00022 R0      EQU     0X20
  00000021            00023 R1      EQU     0X21
  00000022            00024 R2      EQU     0X22
  00000023            00025 R3      EQU     0X23
  00000024            00026 R4      EQU     0X24
0000                  00027                         ORG     0X00            ;INDICA EL ORIGEN DEL PROG
0000   2801           00028                         GOTO    INICIO          ;SALTAR A LA ETIQUETA INICIO
0001                  00029 INICIO
0001   1683           00030                         BSF     STATUS,RP0      ;PONE EN 1 RP0 DEL STATUS
0002   1703           00031                         BSF     STATUS,RP1      ;PONE EN 1 RP1 DEL STATUS
                      00032                         ;ESTAS DOS INSTRUCCIONES NOS MANDADN AL BANCO 3
0003   0186           00033                         CLRF    PORTB           ;PORTA COMO IN/OUT DIGITAL
Message[302]: Register in operand not in bank 0.  Ensure that bank bits are correct.
0004   0188           00034                         CLRF    ANSEL           ;PORTB COMO IN/OUT DIGITAL
Message[302]: Register in operand not in bank 0.  Ensure that bank bits are correct.
0005   0189           00035                         CLRF    ANSELH          ;PORTB CONFIGURADO COMO OUT
0006   1683           00036                         BSF     STATUS,RP0      ;PONE EN 1 RP0 DEL STATUS
0007   1303           00037                         BCF     STATUS,RP1      ;PONE EN 0 RP1 DEL STATUS
                      00038                                                                 ;MANDAN AL BANCO 1
Message[302]: Register in operand not in bank 0.  Ensure that bank bits are correct.
0008   0187           00039                         CLRF    TRISC           ;PONE EN SALIDAS EL PORTC
0009   1283           00040                         BCF     STATUS,RP0      ;PONE EN 0 RP0 DEL STATUS
000A   1283           00041                         BCF     STATUS,RP0      ;PONE EN 0 RP1 DEL STATUS
MPASM  5.44                    PRACTICA_9.ASM   11-23-2023  16:01:19         PAGE  2


LOC  OBJECT CODE     LINE SOURCE TEXT
  VALUE

                      00042                                                         ;MANDAN AL BANCO 0
000B   30EF           00043                         MOVLW   B'11101111'     ;19
000C   0086           00044                         MOVWF   PORTB
000D   1589           00045                         BSF             PORTE,RE3                                                       
                                    
000E   2066           00046                         CALL    TIME2   
                      00047 
000F   0187           00048 ESPERAR         CLRF    PORTC
0010   1989           00049                         BTFSC   PORTE,RE3
0011   280F           00050                         GOTO    ESPERAR
                      00051 
0012                  00052 CUENTA          
0012   30EF           00053                         MOVLW   B'11101111'     ;19
0013   0086           00054                         MOVWF   PORTB
0014   2059           00055                         CALL    TIME
0015   30FF           00056                         MOVLW   B'11111111'     ;18
0016   0086           00057                         MOVWF   PORTB
0017   2059           00058                         CALL    TIME
0018   3087           00059                         MOVLW   B'10000111'     ;17
0019   0086           00060                         MOVWF   PORTB
001A   2059           00061                         CALL    TIME
001B   30FD           00062                         MOVLW   B'11111101'     ;16
001C   0086           00063                         MOVWF   PORTB
001D   2059           00064                         CALL    TIME
001E   30ED           00065                         MOVLW   B'11101101'     ;15
001F   0086           00066                         MOVWF   PORTB
0020   2059           00067                         CALL    TIME
0021   30E6           00068                         MOVLW   B'11100110'     ;14
0022   0086           00069                         MOVWF   PORTB
0023   2059           00070                         CALL    TIME
0024   30CF           00071                         MOVLW   B'11001111'     ;13
0025   0086           00072                         MOVWF   PORTB
0026   2059           00073                         CALL    TIME
0027   30DB           00074                         MOVLW   B'11011011'     ;12
0028   0086           00075                         MOVWF   PORTB
0029   2059           00076                         CALL    TIME
002A   3086           00077                         MOVLW   B'10000110'     ;11
002B   0086           00078                         MOVWF   PORTB
002C   2059           00079                         CALL    TIME
002D   30BF           00080                         MOVLW   B'10111111'     ;10
002E   0086           00081                         MOVWF   PORTB
002F   2059           00082                         CALL    TIME
0030   306F           00083                         MOVLW   B'01101111'     ;9
0031   0086           00084                         MOVWF   PORTB
0032   2059           00085                         CALL    TIME
0033   307F           00086                         MOVLW   B'01111111'     ;8
0034   0086           00087                         MOVWF   PORTB
0035   2059           00088                         CALL    TIME
0036   3007           00089                         MOVLW   B'00000111'     ;7
0037   0086           00090                         MOVWF   PORTB
0038   2059           00091                         CALL    TIME
0039   307D           00092                         MOVLW   B'01111101'     ;6
003A   0086           00093                         MOVWF   PORTB
MPASM  5.44                    PRACTICA_9.ASM   11-23-2023  16:01:19         PAGE  3


LOC  OBJECT CODE     LINE SOURCE TEXT
  VALUE

003B   2059           00094                         CALL    TIME
003C   306D           00095                         MOVLW   B'01101101'     ;5
003D   0086           00096                         MOVWF   PORTB
003E   2059           00097                         CALL    TIME
003F   3066           00098                         MOVLW   B'01100110'     ;4
0040   0086           00099                         MOVWF   PORTB
0041   2059           00100                         CALL    TIME
0042   304F           00101                         MOVLW   B'01001111'     ;3
0043   0086           00102                         MOVWF   PORTB
0044   2059           00103                         CALL    TIME
0045   305B           00104                         MOVLW   B'01011011'     ;2
0046   0086           00105                         MOVWF   PORTB                   
0047   2059           00106                         CALL    TIME
0048   3006           00107                         MOVLW   B'00000110'     ;1
0049   0086           00108                         MOVWF   PORTB
004A   2059           00109                         CALL    TIME    
004B   303F           00110                         MOVLW   B'00111111'     ;0
004C   0086           00111                         MOVWF   PORTB                   
004D   2059           00112                         CALL    TIME
004E   2050           00113                         CALL    BUZZER
004F   280F           00114                         GOTO    ESPERAR
                      00115 
                      00116                         
                      00117                         
                      00118                         
                      00119 
0050   3003           00120 BUZZER          MOVLW   .3
0051   00A3           00121                         MOVWF   R3
0052   1407           00122 ESO                     BSF             PORTC,RC0
0053   2059           00123                         CALL    TIME
0054   1007           00124                         BCF             PORTC,RC0
0055   2059           00125                         CALL    TIME
0056   0BA3           00126                         DECFSZ  R3,F
0057   2852           00127                         GOTO    ESO
0058   0008           00128                         RETURN          
                      00129 
                      00130 
0059   30AC           00131 TIME            MOVLW   0Xac
005A   00A0           00132                         MOVWF   R0
005B   3013           00133                         MOVLW   0X13
005C   00A1           00134                         MOVWF   R1
005D   3006           00135                         MOVLW   0X06
005E   00A2           00136                         MOVWF   R2
                      00137 
005F   0BA0           00138 AQUI            DECFSZ  R0,F
0060   285F           00139                         GOTO    AQUI
0061   0BA1           00140                         DECFSZ  R1,F
0062   285F           00141                         GOTO    AQUI
0063   0BA2           00142                         DECFSZ  R2,F
0064   285F           00143                         GOTO    AQUI
0065   0008           00144                         RETURN
                      00145 
0066   30FF           00146 TIME2           MOVLW   .255
MPASM  5.44                    PRACTICA_9.ASM   11-23-2023  16:01:19         PAGE  4


LOC  OBJECT CODE     LINE SOURCE TEXT
  VALUE

0067   00A3           00147                         MOVWF   R3
0068   300D           00148                         MOVLW   .13
0069   00A4           00149                         MOVWF   R4
                      00150 
006A   0BA3           00151 AQUI2           DECFSZ  R3,F
006B   286A           00152                         GOTO    AQUI2
006C   0BA4           00153                         DECFSZ  R4,F
006D   286A           00154                         GOTO    AQUI2
006E   0008           00155                         RETURN
                      00156                         END
MPASM  5.44                    PRACTICA_9.ASM   11-23-2023  16:01:19         PAGE  5


SYMBOL TABLE
  LABEL                             VALUE 

ABDEN                             00000000
ABDOVF                            00000007
ACKDT                             00000005
ACKEN                             00000004
ACKSTAT                           00000006
ADCON0                            0000001F
ADCON1                            0000009F
ADCS0                             00000006
ADCS1                             00000007
ADDEN                             00000003
ADFM                              00000007
ADIE                              00000006
ADIF                              00000006
ADON                              00000000
ADRESH                            0000001E
ADRESL                            0000009E
ANS0                              00000000
ANS1                              00000001
ANS10                             00000002
ANS11                             00000003
ANS12                             00000004
ANS13                             00000005
ANS2                              00000002
ANS3                              00000003
ANS4                              00000004
ANS5                              00000005
ANS6                              00000006
ANS7                              00000007
ANS8                              00000000
ANS9                              00000001
ANSEL                             00000188
ANSELH                            00000189
AQUI                              0000005F
AQUI2                             0000006A
BAUDCTL                           00000187
BCLIE                             00000003
BCLIF                             00000003
BF                                00000000
BRG0                              00000000
BRG1                              00000001
BRG10                             00000002
BRG11                             00000003
BRG12                             00000004
BRG13                             00000005
BRG14                             00000006
BRG15                             00000007
BRG16                             00000003
BRG2                              00000002
BRG3                              00000003
BRG4                              00000004
BRG5                              00000005
BRG6                              00000006
BRG7                              00000007
MPASM  5.44                    PRACTICA_9.ASM   11-23-2023  16:01:19         PAGE  6


SYMBOL TABLE
  LABEL                             VALUE 

BRG8                              00000000
BRG9                              00000001
BRGH                              00000002
BUZZER                            00000050
C                                 00000000
C1CH0                             00000000
C1CH1                             00000001
C1IE                              00000005
C1IF                              00000005
C1OE                              00000005
C1ON                              00000007
C1OUT                             00000006
C1POL                             00000004
C1R                               00000002
C1RSEL                            00000005
C1SEN                             00000005
C2CH0                             00000000
C2CH1                             00000001
C2IE                              00000006
C2IF                              00000006
C2OE                              00000005
C2ON                              00000007
C2OUT                             00000006
C2POL                             00000004
C2R                               00000002
C2REN                             00000004
C2RSEL                            00000004
C2SYNC                            00000000
CCP1CON                           00000017
CCP1IE                            00000002
CCP1IF                            00000002
CCP1M0                            00000000
CCP1M1                            00000001
CCP1M2                            00000002
CCP1M3                            00000003
CCP1X                             00000005
CCP1Y                             00000004
CCP2CON                           0000001D
CCP2IE                            00000000
CCP2IF                            00000000
CCP2M0                            00000000
CCP2M1                            00000001
CCP2M2                            00000002
CCP2M3                            00000003
CCP2X                             00000005
CCP2Y                             00000004
CCPR1                             00000015
CCPR1H                            00000016
CCPR1L                            00000015
CCPR2                             0000001B
CCPR2H                            0000001C
CCPR2L                            0000001B
CHS0                              00000002
MPASM  5.44                    PRACTICA_9.ASM   11-23-2023  16:01:19         PAGE  7


SYMBOL TABLE
  LABEL                             VALUE 

CHS1                              00000003
CHS2                              00000004
CHS3                              00000005
CKE                               00000006
CKP                               00000004
CM1CON0                           00000107
CM2CON0                           00000108
CM2CON1                           00000109
CREN                              00000004
CSRC                              00000007
CUENTA                            00000012
D                                 00000005
DATA_ADDRESS                      00000005
DC                                00000001
DC1B0                             00000004
DC1B1                             00000005
DC2B0                             00000004
DC2B1                             00000005
D_A                               00000005
D_NOT_A                           00000005
ECCPAS                            0000009C
ECCPAS0                           00000004
ECCPAS1                           00000005
ECCPAS2                           00000006
ECCPASE                           00000007
EEADR                             0000010D
EEADRH                            0000010F
EECON1                            0000018C
EECON2                            0000018D
EEDAT                             0000010C
EEDATA                            0000010C
EEDATH                            0000010E
EEIE                              00000004
EEIF                              00000004
EEPGD                             00000007
ESO                               00000052
ESPERAR                           0000000F
F                                 00000001
FERR                              00000002
FSR                               00000004
FVREN                             00000000
GCEN                              00000007
GIE                               00000007
GO                                00000001
GO_DONE                           00000001
GO_NOT_DONE                       00000001
HTS                               00000002
I2C_DATA                          00000005
I2C_READ                          00000002
I2C_START                         00000003
I2C_STOP                          00000004
INDF                              00000000
INICIO                            00000001
MPASM  5.44                    PRACTICA_9.ASM   11-23-2023  16:01:19         PAGE  8


SYMBOL TABLE
  LABEL                             VALUE 

INTCON                            0000000B
INTE                              00000004
INTEDG                            00000006
INTF                              00000001
IOCB                              00000096
IOCB0                             00000000
IOCB1                             00000001
IOCB2                             00000002
IOCB3                             00000003
IOCB4                             00000004
IOCB5                             00000005
IOCB6                             00000006
IOCB7                             00000007
IRCF0                             00000004
IRCF1                             00000005
IRCF2                             00000006
IRP                               00000007
LTS                               00000001
MC1OUT                            00000007
MC2OUT                            00000006
MSK                               00000093
MSK0                              00000000
MSK1                              00000001
MSK2                              00000002
MSK3                              00000003
MSK4                              00000004
MSK5                              00000005
MSK6                              00000006
MSK7                              00000007
NOT_A                             00000005
NOT_ADDRESS                       00000005
NOT_BO                            00000000
NOT_BOR                           00000000
NOT_DONE                          00000001
NOT_PD                            00000003
NOT_POR                           00000001
NOT_RBPU                          00000007
NOT_RC8                           00000006
NOT_T1SYNC                        00000002
NOT_TO                            00000004
NOT_TX8                           00000006
NOT_W                             00000002
NOT_WRITE                         00000002
OERR                              00000001
OPTION_REG                        00000081
OSCCON                            0000008F
OSCTUNE                           00000090
OSFIE                             00000007
OSFIF                             00000007
OSTS                              00000003
P                                 00000004
P1M0                              00000006
P1M1                              00000007
MPASM  5.44                    PRACTICA_9.ASM   11-23-2023  16:01:19         PAGE  9


SYMBOL TABLE
  LABEL                             VALUE 

PCL                               00000002
PCLATH                            0000000A
PCON                              0000008E
PDC0                              00000000
PDC1                              00000001
PDC2                              00000002
PDC3                              00000003
PDC4                              00000004
PDC5                              00000005
PDC6                              00000006
PEIE                              00000006
PEN                               00000002
PIE1                              0000008C
PIE2                              0000008D
PIR1                              0000000C
PIR2                              0000000D
PORTA                             00000005
PORTB                             00000006
PORTC                             00000007
PORTD                             00000008
PORTE                             00000009
PR2                               00000092
PRSEN                             00000007
PS0                               00000000
PS1                               00000001
PS2                               00000002
PSA                               00000003
PSSAC0                            00000002
PSSAC1                            00000003
PSSBD0                            00000000
PSSBD1                            00000001
PSTRCON                           0000009D
PULSR                             00000002
PULSS                             00000003
PWM1CON                           0000009B
R                                 00000002
R0                                00000020
R1                                00000021
R2                                00000022
R3                                00000023
R4                                00000024
RA0                               00000000
RA1                               00000001
RA2                               00000002
RA3                               00000003
RA4                               00000004
RA5                               00000005
RA6                               00000006
RA7                               00000007
RB0                               00000000
RB1                               00000001
RB2                               00000002
RB3                               00000003
MPASM  5.44                    PRACTICA_9.ASM   11-23-2023  16:01:19         PAGE 10


SYMBOL TABLE
  LABEL                             VALUE 

RB4                               00000004
RB5                               00000005
RB6                               00000006
RB7                               00000007
RBIE                              00000003
RBIF                              00000000
RC0                               00000000
RC1                               00000001
RC2                               00000002
RC3                               00000003
RC4                               00000004
RC5                               00000005
RC6                               00000006
RC7                               00000007
RC8_9                             00000006
RC9                               00000006
RCD8                              00000000
RCEN                              00000003
RCIDL                             00000006
RCIE                              00000005
RCIF                              00000005
RCREG                             0000001A
RCSTA                             00000018
RD                                00000000
RD0                               00000000
RD1                               00000001
RD2                               00000002
RD3                               00000003
RD4                               00000004
RD5                               00000005
RD6                               00000006
RD7                               00000007
RE0                               00000000
RE1                               00000001
RE2                               00000002
RE3                               00000003
READ_WRITE                        00000002
RP0                               00000005
RP1                               00000006
RSEN                              00000001
RX9                               00000006
RX9D                              00000000
R_NOT_W                           00000002
R_W                               00000002
S                                 00000003
SBOREN                            00000004
SCKP                              00000004
SCS                               00000000
SEN                               00000000
SENDB                             00000003
SMP                               00000007
SPBRG                             00000099
SPBRGH                            0000009A
MPASM  5.44                    PRACTICA_9.ASM   11-23-2023  16:01:19         PAGE 11


SYMBOL TABLE
  LABEL                             VALUE 

SPEN                              00000007
SR0                               00000006
SR1                               00000007
SRCON                             00000185
SREN                              00000005
SSPADD                            00000093
SSPBUF                            00000013
SSPCON                            00000014
SSPCON2                           00000091
SSPEN                             00000005
SSPIE                             00000003
SSPIF                             00000003
SSPM0                             00000000
SSPM1                             00000001
SSPM2                             00000002
SSPM3                             00000003
SSPMSK                            00000093
SSPOV                             00000006
SSPSTAT                           00000094
STATUS                            00000003
STRA                              00000000
STRB                              00000001
STRC                              00000002
STRD                              00000003
STRSYNC                           00000004
SWDTEN                            00000000
SYNC                              00000004
T0CS                              00000005
T0IE                              00000005
T0IF                              00000002
T0SE                              00000004
T1CKPS0                           00000004
T1CKPS1                           00000005
T1CON                             00000010
T1GINV                            00000007
T1GIV                             00000007
T1GSS                             00000001
T1INSYNC                          00000002
T1OSCEN                           00000003
T1SYNC                            00000002
T2CKPS0                           00000000
T2CKPS1                           00000001
T2CON                             00000012
TIME                              00000059
TIME2                             00000066
TMR0                              00000001
TMR0IE                            00000005
TMR0IF                            00000002
TMR1                              0000000E
TMR1CS                            00000001
TMR1GE                            00000006
TMR1H                             0000000F
TMR1IE                            00000000
MPASM  5.44                    PRACTICA_9.ASM   11-23-2023  16:01:19         PAGE 12


SYMBOL TABLE
  LABEL                             VALUE 

TMR1IF                            00000000
TMR1L                             0000000E
TMR1ON                            00000000
TMR2                              00000011
TMR2IE                            00000001
TMR2IF                            00000001
TMR2ON                            00000002
TOUTPS0                           00000003
TOUTPS1                           00000004
TOUTPS2                           00000005
TOUTPS3                           00000006
TRISA                             00000085
TRISA0                            00000000
TRISA1                            00000001
TRISA2                            00000002
TRISA3                            00000003
TRISA4                            00000004
TRISA5                            00000005
TRISA6                            00000006
TRISA7                            00000007
TRISB                             00000086
TRISB0                            00000000
TRISB1                            00000001
TRISB2                            00000002
TRISB3                            00000003
TRISB4                            00000004
TRISB5                            00000005
TRISB6                            00000006
TRISB7                            00000007
TRISC                             00000087
TRISC0                            00000000
TRISC1                            00000001
TRISC2                            00000002
TRISC3                            00000003
TRISC4                            00000004
TRISC5                            00000005
TRISC6                            00000006
TRISC7                            00000007
TRISD                             00000088
TRISD0                            00000000
TRISD1                            00000001
TRISD2                            00000002
TRISD3                            00000003
TRISD4                            00000004
TRISD5                            00000005
TRISD6                            00000006
TRISD7                            00000007
TRISE                             00000089
TRISE0                            00000000
TRISE1                            00000001
TRISE2                            00000002
TRISE3                            00000003
TRMT                              00000001
MPASM  5.44                    PRACTICA_9.ASM   11-23-2023  16:01:19         PAGE 13


SYMBOL TABLE
  LABEL                             VALUE 

TUN0                              00000000
TUN1                              00000001
TUN2                              00000002
TUN3                              00000003
TUN4                              00000004
TX8_9                             00000006
TX9                               00000006
TX9D                              00000000
TXD8                              00000000
TXEN                              00000005
TXIE                              00000004
TXIF                              00000004
TXREG                             00000019
TXSTA                             00000098
UA                                00000001
ULPWUE                            00000005
ULPWUIE                           00000002
ULPWUIF                           00000002
VCFG0                             00000004
VCFG1                             00000005
VR0                               00000000
VR1                               00000001
VR2                               00000002
VR3                               00000003
VRCON                             00000097
VREN                              00000007
VROE                              00000006
VRR                               00000005
VRSS                              00000004
W                                 00000000
WCOL                              00000007
WDTCON                            00000105
WDTPS0                            00000001
WDTPS1                            00000002
WDTPS2                            00000003
WDTPS3                            00000004
WPUB                              00000095
WPUB0                             00000000
WPUB1                             00000001
WPUB2                             00000002
WPUB3                             00000003
WPUB4                             00000004
WPUB5                             00000005
WPUB6                             00000006
WPUB7                             00000007
WR                                00000001
WREN                              00000002
WRERR                             00000003
WUE                               00000001
Z                                 00000002
_BOR21V                           00003EFF
_BOR40V                           00003FFF
_BOR4V_BOR21V                     00003EFF
MPASM  5.44                    PRACTICA_9.ASM   11-23-2023  16:01:19         PAGE 14


SYMBOL TABLE
  LABEL                             VALUE 

_BOR4V_BOR40V                     00003FFF
_BOREN_NSLEEP                     00003EFF
_BOREN_OFF                        00003CFF
_BOREN_ON                         00003FFF
_BOREN_SBODEN                     00003DFF
_BOR_NSLEEP                       00003EFF
_BOR_OFF                          00003CFF
_BOR_ON                           00003FFF
_BOR_SBODEN                       00003DFF
_CONFIG1                          00002007
_CONFIG2                          00002008
_CPD_OFF                          00003FFF
_CPD_ON                           00003F7F
_CP_OFF                           00003FFF
_CP_ON                            00003FBF
_DEBUG_OFF                        00003FFF
_DEBUG_ON                         00001FFF
_DEVID1                           00002006
_EC_OSC                           00003FFB
_EXTRC                            00003FFF
_EXTRCIO                          00003FFE
_EXTRC_OSC_CLKOUT                 00003FFF
_EXTRC_OSC_NOCLKOUT               00003FFE
_FCMEN_OFF                        000037FF
_FCMEN_ON                         00003FFF
_FOSC_EC                          00003FFB
_FOSC_EXTRC_CLKOUT                00003FFF
_FOSC_EXTRC_NOCLKOUT              00003FFE
_FOSC_HS                          00003FFA
_FOSC_INTRC_CLKOUT                00003FFD
_FOSC_INTRC_NOCLKOUT              00003FFC
_FOSC_LP                          00003FF8
_FOSC_XT                          00003FF9
_HS_OSC                           00003FFA
_IDLOC0                           00002000
_IDLOC1                           00002001
_IDLOC2                           00002002
_IDLOC3                           00002003
_IESO_OFF                         00003BFF
_IESO_ON                          00003FFF
_INTOSC                           00003FFD
_INTOSCIO                         00003FFC
_INTRC_OSC_CLKOUT                 00003FFD
_INTRC_OSC_NOCLKOUT               00003FFC
_LP_OSC                           00003FF8
_LVP_OFF                          00002FFF
_LVP_ON                           00003FFF
_MCLRE_OFF                        00003FDF
_MCLRE_ON                         00003FFF
_PWRTE_OFF                        00003FFF
_PWRTE_ON                         00003FEF
_WDTE_OFF                         00003FF7
_WDTE_ON                          00003FFF
MPASM  5.44                    PRACTICA_9.ASM   11-23-2023  16:01:19         PAGE 15


SYMBOL TABLE
  LABEL                             VALUE 

_WDT_OFF                          00003FF7
_WDT_ON                           00003FFF
_WRT_1FOURTH                      00003BFF
_WRT_256                          00003DFF
_WRT_HALF                         000039FF
_WRT_OFF                          00003FFF
_XT_OSC                           00003FF9
__16F887                          00000001


MEMORY USAGE MAP ('X' = Used,  '-' = Unused)

0000 : XXXXXXXXXXXXXXXX XXXXXXXXXXXXXXXX XXXXXXXXXXXXXXXX XXXXXXXXXXXXXXXX
0040 : XXXXXXXXXXXXXXXX XXXXXXXXXXXXXXXX XXXXXXXXXXXXXXX- ----------------

All other memory blocks unused.

Program Memory Words Used:   111
Program Memory Words Free:  8081


Errors   :     0
Warnings :     0 reported,     0 suppressed
Messages :     3 reported,     0 suppressed

