MPASM  5.44                    PRACTICA_8.ASM   11-6-2023  15:11:16         PAGE  1


LOC  OBJECT CODE     LINE SOURCE TEXT
  VALUE

                      00001 ;PRÁCTICA 8 
                      00002 ;SECUENCIAS DE LEDS (CONTADOR JOHNSON Y OTRA)
                      00003 ;REALICE UN PROGRAMA PARA EL PIC16F887 EN DONDE USE EL PUERTO B COMO SALIDA Y UN BIT DEL PUERTO A COMO E
                            NTRADA DIGITAL, 
                      00004 ;SI EL BIT DEL PUERTO A ESTÁ EN 1, EN EL PUERTO B DEBERÁ MOSTRARSE LA SECUENCIA DE LEDS QUE SE MUESTRA E
                            NSEGUIDA (JOHNSON). 
                      00005 ;SI EL BIT DEL PUERTO A CAMBIA A 0, EL PUERTO B DEBERÁ MOSTRAR OTRA SECUENCIA EN LOS LEDS, CADA EQUIPO D
                            EBERÁ ESCOGER UNA SECUENCIA ATRACTIVA A LA VISTA.
                      00006 ;JOHNSON:
                      00007 ;00000001
                      00008 ;00000011
                      00009 ;00000111
                      00010 ;00001111
                      00011 ;00011111
                      00012 ;00111111
                      00013 ;01111111
                      00014 ;11111111
                      00015 ;11111110
                      00016 ;11111100
                      00017 ;11111000
                      00018 ;11110000
                      00019 ;11100000
                      00020 ;11000000
                      00021 ;10000000
                      00022 ;00000000
                      00023 ;ANDRADE SALAZAR IGNACIO
                      00024 ;ORTIZ JIMENEZ VLADIMIR
                      00025 ;GUERRERO SANTANA EDGAR GEOVANNY
                      00026 ;FECHA: 06/11/2023
                      00027 
                      00028 
                      00029         LIST P=16F887           ;ELEGIR EL PIC
                      00030                         INCLUDE "P16F887.INC"   ;CARGA LA LIBRERIA DEL PIC
                      00001         LIST
                      00002 
                      00003 ;==========================================================================
                      00004 ;  MPASM PIC16F887 processor include
                      00005 ; 
                      00006 ;  (c) Copyright 1999-2012 Microchip Technology, All rights reserved
                      00007 ;==========================================================================
                      00008 
                      00809         LIST
  00000020            00031 R0      EQU     0X20
  00000021            00032 R1      EQU     0X21
  00000022            00033 R2      EQU     0X22
0000                  00034                         ORG     0X00            ;INDICA EL ORIGEN DEL PROG
0000   2801           00035                         GOTO    INICIO          ;SALTAR A LA ETIQUETA INICIO
0001                  00036 INICIO
0001   1683           00037                         BSF     STATUS,RP0      ;PONE EN 1 RP0 DEL STATUS
0002   1703           00038                         BSF     STATUS,RP1      ;PONE EN 1 RP1 DEL STATUS
                      00039                         ;ESTAS DOS INSTRUCCIONES NOS MANDADN AL BANCO 3
0003   0186           00040                         CLRF    PORTB           ;PORTA COMO IN/OUT DIGITAL
Message[302]: Register in operand not in bank 0.  Ensure that bank bits are correct.
MPASM  5.44                    PRACTICA_8.ASM   11-6-2023  15:11:16         PAGE  2


LOC  OBJECT CODE     LINE SOURCE TEXT
  VALUE

0004   0188           00041                         CLRF    ANSEL           ;PORTB COMO IN/OUT DIGITAL
Message[302]: Register in operand not in bank 0.  Ensure that bank bits are correct.
0005   0189           00042                         CLRF    ANSELH          ;PORTB CONFIGURADO COMO OUT
0006   1283           00043                         BCF     STATUS,RP0      ;PONE EN 0 RP0 DEL STATUS
0007   1303           00044                         BCF     STATUS,RP1      ;PONE EN 0 RP1 DEL STATUS                               
                                                                    
                      00045                         ;MANDAN AL BANCO 0
                      00046 
                      00047 
0008   21D1           00048 SELECT          CALL            LEER
0009   1D03           00049                         BTFSS           STATUS,Z        ;CHECAR SI BIT Z = 1, DATO CORRECTO
000A   2848           00050                         GOTO    ENCENDER
000B   2928           00051                         GOTO    ENCENDER17
000C   21D1           00052 SELECT2         CALL            LEER
000D   1D03           00053                         BTFSS           STATUS,Z        ;CHECAR SI BIT Z = 1, DATO CORRECTO
000E   2852           00054                         GOTO    ENCENDER2
000F   2928           00055                         GOTO    ENCENDER17
0010   21D1           00056 SELECT3         CALL            LEER
0011   1D03           00057                         BTFSS           STATUS,Z        ;CHECAR SI BIT Z = 1, DATO CORRECTO
0012   285C           00058                         GOTO    ENCENDER3
0013   2928           00059                         GOTO    ENCENDER17
0014   21D1           00060 SELECT4         CALL            LEER
0015   1D03           00061                         BTFSS           STATUS,Z        ;CHECAR SI BIT Z = 1, DATO CORRECTO
0016   2866           00062                         GOTO    ENCENDER4
0017   2928           00063                         GOTO    ENCENDER17
0018   21D1           00064 SELECT5         CALL            LEER
0019   1D03           00065                         BTFSS           STATUS,Z        ;CHECAR SI BIT Z = 1, DATO CORRECTO
001A   2870           00066                         GOTO    ENCENDER5
001B   2928           00067                         GOTO    ENCENDER17
001C   21D1           00068 SELECT6         CALL            LEER
001D   1D03           00069                         BTFSS           STATUS,Z        ;CHECAR SI BIT Z = 1, DATO CORRECTO
001E   287A           00070                         GOTO    ENCENDER6
001F   2928           00071                         GOTO    ENCENDER17
0020   21D1           00072 SELECT7         CALL            LEER
0021   1D03           00073                         BTFSS           STATUS,Z        ;CHECAR SI BIT Z = 1, DATO CORRECTO
0022   2884           00074                         GOTO    ENCENDER7
0023   2928           00075                         GOTO    ENCENDER17
0024   21D1           00076 SELECT8         CALL            LEER
0025   1D03           00077                         BTFSS           STATUS,Z        ;CHECAR SI BIT Z = 1, DATO CORRECTO
0026   288E           00078                         GOTO    ENCENDER8
0027   2928           00079                         GOTO    ENCENDER17
0028   21D1           00080 SELECT9         CALL            LEER
0029   1D03           00081                         BTFSS           STATUS,Z        ;CHECAR SI BIT Z = 1, DATO CORRECTO
002A   2898           00082                         GOTO    ENCENDER9
002B   2928           00083                         GOTO    ENCENDER17
002C   21D1           00084 SELECT10        CALL            LEER
002D   1D03           00085                         BTFSS           STATUS,Z        ;CHECAR SI BIT Z = 1, DATO CORRECTO
002E   28A2           00086                         GOTO    ENCENDER10
002F   2928           00087                         GOTO    ENCENDER17
0030   21D1           00088 SELECT11        CALL            LEER
0031   1D03           00089                         BTFSS           STATUS,Z        ;CHECAR SI BIT Z = 1, DATO CORRECTO
0032   28AC           00090                         GOTO    ENCENDER11
0033   2928           00091                         GOTO    ENCENDER17
MPASM  5.44                    PRACTICA_8.ASM   11-6-2023  15:11:16         PAGE  3


LOC  OBJECT CODE     LINE SOURCE TEXT
  VALUE

0034   21D1           00092 SELECT12        CALL            LEER
0035   1D03           00093                         BTFSS           STATUS,Z        ;CHECAR SI BIT Z = 1, DATO CORRECTO
0036   28B6           00094                         GOTO    ENCENDER12
0037   2928           00095                         GOTO    ENCENDER17
0038   21D1           00096 SELECT13        CALL            LEER
0039   1D03           00097                         BTFSS           STATUS,Z        ;CHECAR SI BIT Z = 1, DATO CORRECTO
003A   28C0           00098                         GOTO    ENCENDER13
003B   2928           00099                         GOTO    ENCENDER17
003C   21D1           00100 SELECT14        CALL            LEER
003D   1D03           00101                         BTFSS           STATUS,Z        ;CHECAR SI BIT Z = 1, DATO CORRECTO
003E   28CA           00102                         GOTO    ENCENDER14
003F   2928           00103                         GOTO    ENCENDER17
0040   21D1           00104 SELECT15        CALL            LEER
0041   1D03           00105                         BTFSS           STATUS,Z        ;CHECAR SI BIT Z = 1, DATO CORRECTO
0042   28D4           00106                         GOTO    ENCENDER15
0043   2928           00107                         GOTO    ENCENDER17
0044   21D1           00108 SELECT16        CALL            LEER
0045   1D03           00109                         BTFSS           STATUS,Z        ;CHECAR SI BIT Z = 1, DATO CORRECTO
0046   28DE           00110                         GOTO    ENCENDER16
0047   2928           00111                         GOTO    ENCENDER17
                      00112 
                      00113 
0048   1406           00114 ENCENDER        BSF     PORTB,0                         ;ENCENDER BIT PORQUE LA CONTRASEÑA ES CORRECTA
0049   1086           00115                         BCF     PORTB,1
004A   1106           00116                         BCF     PORTB,2
004B   1186           00117                         BCF     PORTB,3
004C   1206           00118                         BCF     PORTB,4
004D   1286           00119                         BCF     PORTB,5
004E   1306           00120                         BCF     PORTB,6
004F   1386           00121                         BCF     PORTB,7
0050   21D4           00122                         CALL    TIME
0051   280C           00123                         GOTO SELECT2 
0052   1406           00124 ENCENDER2       BSF     PORTB,0
0053   1486           00125                         BSF     PORTB,1
0054   1106           00126                         BCF     PORTB,2
0055   1186           00127                         BCF     PORTB,3
0056   1206           00128                         BCF     PORTB,4
0057   1286           00129                         BCF     PORTB,5
0058   1306           00130                         BCF     PORTB,6
0059   1386           00131                         BCF     PORTB,7
005A   21D4           00132                         CALL    TIME
005B   2810           00133                         GOTO SELECT3
005C   1406           00134 ENCENDER3       BSF     PORTB,0
005D   1486           00135                         BSF     PORTB,1
005E   1506           00136                         BSF     PORTB,2
005F   1186           00137                         BCF     PORTB,3
0060   1206           00138                         BCF     PORTB,4
0061   1286           00139                         BCF     PORTB,5
0062   1306           00140                         BCF     PORTB,6
0063   1386           00141                         BCF     PORTB,7
0064   21D4           00142                         CALL    TIME
0065   2814           00143                         GOTO SELECT4 
0066   1406           00144 ENCENDER4       BSF     PORTB,0
MPASM  5.44                    PRACTICA_8.ASM   11-6-2023  15:11:16         PAGE  4


LOC  OBJECT CODE     LINE SOURCE TEXT
  VALUE

0067   1486           00145                         BSF     PORTB,1
0068   1506           00146                         BSF     PORTB,2
0069   1586           00147                         BSF     PORTB,3
006A   1206           00148                         BCF     PORTB,4
006B   1286           00149                         BCF     PORTB,5
006C   1306           00150                         BCF     PORTB,6
006D   1386           00151                         BCF     PORTB,7
006E   21D4           00152                         CALL    TIME
006F   2818           00153                         GOTO SELECT5
0070   1406           00154 ENCENDER5       BSF     PORTB,0
0071   1486           00155                         BSF     PORTB,1
0072   1506           00156                         BSF     PORTB,2
0073   1586           00157                         BSF     PORTB,3
0074   1606           00158                         BSF     PORTB,4
0075   1286           00159                         BCF     PORTB,5
0076   1306           00160                         BCF     PORTB,6
0077   1386           00161                         BCF     PORTB,7
0078   21D4           00162                         CALL    TIME
0079   281C           00163                         GOTO SELECT6
007A   1406           00164 ENCENDER6       BSF     PORTB,0
007B   1486           00165                         BSF     PORTB,1
007C   1506           00166                         BSF     PORTB,2
007D   1586           00167                         BSF     PORTB,3
007E   1606           00168                         BSF     PORTB,4
007F   1686           00169                         BSF     PORTB,5
0080   1306           00170                         BCF     PORTB,6
0081   1386           00171                         BCF     PORTB,7
0082   21D4           00172                         CALL    TIME
0083   2820           00173                         GOTO SELECT7
0084   1406           00174 ENCENDER7       BSF     PORTB,0
0085   1486           00175                         BSF     PORTB,1
0086   1506           00176                         BSF     PORTB,2
0087   1586           00177                         BSF     PORTB,3
0088   1606           00178                         BSF     PORTB,4
0089   1686           00179                         BSF     PORTB,5
008A   1706           00180                         BSF     PORTB,6
008B   1386           00181                         BCF     PORTB,7
008C   21D4           00182                         CALL    TIME
008D   2824           00183                         GOTO SELECT8
008E   1406           00184 ENCENDER8       BSF     PORTB,0
008F   1486           00185                         BSF     PORTB,1
0090   1506           00186                         BSF     PORTB,2
0091   1586           00187                         BSF     PORTB,3
0092   1606           00188                         BSF     PORTB,4
0093   1686           00189                         BSF     PORTB,5
0094   1706           00190                         BSF     PORTB,6
0095   1786           00191                         BSF     PORTB,7
0096   21D4           00192                         CALL    TIME
0097   2828           00193                         GOTO SELECT9
0098   1006           00194 ENCENDER9       BCF     PORTB,0
0099   1486           00195                         BSF     PORTB,1
009A   1506           00196                         BSF     PORTB,2
009B   1586           00197                         BSF     PORTB,3
MPASM  5.44                    PRACTICA_8.ASM   11-6-2023  15:11:16         PAGE  5


LOC  OBJECT CODE     LINE SOURCE TEXT
  VALUE

009C   1606           00198                         BSF     PORTB,4
009D   1686           00199                         BSF     PORTB,5
009E   1706           00200                         BSF     PORTB,6
009F   1786           00201                         BSF     PORTB,7
00A0   21D4           00202                         CALL    TIME
00A1   282C           00203                         GOTO SELECT10
00A2   1006           00204 ENCENDER10      BCF     PORTB,0
00A3   1086           00205                         BCF     PORTB,1
00A4   1506           00206                         BSF     PORTB,2
00A5   1586           00207                         BSF     PORTB,3
00A6   1606           00208                         BSF     PORTB,4
00A7   1686           00209                         BSF     PORTB,5
00A8   1706           00210                         BSF     PORTB,6
00A9   1786           00211                         BSF     PORTB,7
00AA   21D4           00212                         CALL    TIME
00AB   2830           00213                         GOTO SELECT11
00AC   1006           00214 ENCENDER11      BCF     PORTB,0
00AD   1086           00215                         BCF     PORTB,1
00AE   1106           00216                         BCF     PORTB,2
00AF   1586           00217                         BSF     PORTB,3
00B0   1606           00218                         BSF     PORTB,4
00B1   1686           00219                         BSF     PORTB,5
00B2   1706           00220                         BSF     PORTB,6
00B3   1786           00221                         BSF     PORTB,7
00B4   21D4           00222                         CALL    TIME
00B5   2834           00223                         GOTO SELECT12
00B6   1006           00224 ENCENDER12      BCF     PORTB,0
00B7   1086           00225                         BCF     PORTB,1
00B8   1106           00226                         BCF     PORTB,2
00B9   1186           00227                         BCF     PORTB,3
00BA   1606           00228                         BSF     PORTB,4
00BB   1686           00229                         BSF     PORTB,5
00BC   1706           00230                         BSF     PORTB,6
00BD   1786           00231                         BSF     PORTB,7
00BE   21D4           00232                         CALL    TIME
00BF   2838           00233                         GOTO SELECT13
00C0   1006           00234 ENCENDER13      BCF     PORTB,0
00C1   1086           00235                         BCF     PORTB,1
00C2   1106           00236                         BCF     PORTB,2
00C3   1186           00237                         BCF     PORTB,3
00C4   1206           00238                         BCF     PORTB,4
00C5   1686           00239                         BSF     PORTB,5
00C6   1706           00240                         BSF     PORTB,6
00C7   1786           00241                         BSF     PORTB,7
00C8   21D4           00242                         CALL    TIME
00C9   283C           00243                         GOTO SELECT14
00CA   1006           00244 ENCENDER14      BCF     PORTB,0
00CB   1086           00245                         BCF     PORTB,1
00CC   1106           00246                         BCF     PORTB,2
00CD   1186           00247                         BCF     PORTB,3
00CE   1206           00248                         BCF     PORTB,4
00CF   1286           00249                         BCF     PORTB,5
00D0   1706           00250                         BSF     PORTB,6
MPASM  5.44                    PRACTICA_8.ASM   11-6-2023  15:11:16         PAGE  6


LOC  OBJECT CODE     LINE SOURCE TEXT
  VALUE

00D1   1786           00251                         BSF     PORTB,7
00D2   21D4           00252                         CALL    TIME
00D3   2840           00253                         GOTO SELECT15
00D4   1006           00254 ENCENDER15      BCF     PORTB,0
00D5   1086           00255                         BCF     PORTB,1
00D6   1106           00256                         BCF     PORTB,2
00D7   1186           00257                         BCF     PORTB,3
00D8   1206           00258                         BCF     PORTB,4
00D9   1286           00259                         BCF     PORTB,5
00DA   1306           00260                         BCF     PORTB,6
00DB   1786           00261                         BSF     PORTB,7
00DC   21D4           00262                         CALL    TIME
00DD   2844           00263                         GOTO SELECT16
00DE   1006           00264 ENCENDER16      BCF     PORTB,0
00DF   1086           00265                         BCF     PORTB,1
00E0   1106           00266                         BCF     PORTB,2
00E1   1186           00267                         BCF     PORTB,3
00E2   1206           00268                         BCF     PORTB,4
00E3   1286           00269                         BCF     PORTB,5
00E4   1306           00270                         BCF     PORTB,6
00E5   1386           00271                         BCF     PORTB,7
00E6   21D4           00272                         CALL    TIME
00E7   2808           00273                         GOTO SELECT
                      00274 
00E8   21D1           00275 SELECT17                CALL            LEER
00E9   1D03           00276                         BTFSS           STATUS,Z        ;CHECAR SI BIT Z = 1, DATO CORRECTO
00EA   2848           00277                         GOTO    ENCENDER
00EB   2928           00278                         GOTO    ENCENDER17                      
00EC   21D1           00279 SELECT18                CALL            LEER
00ED   1D03           00280                         BTFSS           STATUS,Z        ;CHECAR SI BIT Z = 1, DATO CORRECTO
00EE   2848           00281                         GOTO    ENCENDER
00EF   2932           00282                         GOTO    ENCENDER18
00F0   21D1           00283 SELECT19                CALL            LEER
00F1   1D03           00284                         BTFSS           STATUS,Z        ;CHECAR SI BIT Z = 1, DATO CORRECTO
00F2   2848           00285                         GOTO    ENCENDER
00F3   293C           00286                         GOTO    ENCENDER19
00F4   21D1           00287 SELECT20                CALL            LEER
00F5   1D03           00288                         BTFSS           STATUS,Z        ;CHECAR SI BIT Z = 1, DATO CORRECTO
00F6   2848           00289                         GOTO    ENCENDER
00F7   2946           00290                         GOTO    ENCENDER20
00F8   21D1           00291 SELECT21                CALL            LEER
00F9   1D03           00292                         BTFSS           STATUS,Z        ;CHECAR SI BIT Z = 1, DATO CORRECTO
00FA   2848           00293                         GOTO    ENCENDER
00FB   2950           00294                         GOTO    ENCENDER21
00FC   21D1           00295 SELECT22                CALL            LEER
00FD   1D03           00296                         BTFSS           STATUS,Z        ;CHECAR SI BIT Z = 1, DATO CORRECTO
00FE   2848           00297                         GOTO    ENCENDER
00FF   295A           00298                         GOTO    ENCENDER22
0100   21D1           00299 SELECT23                CALL            LEER
0101   1D03           00300                         BTFSS           STATUS,Z        ;CHECAR SI BIT Z = 1, DATO CORRECTO
0102   2848           00301                         GOTO    ENCENDER
0103   2964           00302                         GOTO    ENCENDER23
0104   21D1           00303 SELECT24                CALL            LEER
MPASM  5.44                    PRACTICA_8.ASM   11-6-2023  15:11:16         PAGE  7


LOC  OBJECT CODE     LINE SOURCE TEXT
  VALUE

0105   1D03           00304                         BTFSS           STATUS,Z        ;CHECAR SI BIT Z = 1, DATO CORRECTO
0106   2848           00305                         GOTO    ENCENDER
0107   296E           00306                         GOTO    ENCENDER24
0108   21D1           00307 SELECT25                CALL            LEER
0109   1D03           00308                         BTFSS           STATUS,Z        ;CHECAR SI BIT Z = 1, DATO CORRECTO
010A   2848           00309                         GOTO    ENCENDER
010B   2978           00310                         GOTO    ENCENDER25
010C   21D1           00311 SELECT26        CALL            LEER
010D   1D03           00312                         BTFSS           STATUS,Z        ;CHECAR SI BIT Z = 1, DATO CORRECTO
010E   2848           00313                         GOTO    ENCENDER
010F   2982           00314                         GOTO    ENCENDER26
0110   21D1           00315 SELECT27        CALL            LEER
0111   1D03           00316                         BTFSS           STATUS,Z        ;CHECAR SI BIT Z = 1, DATO CORRECTO
0112   2848           00317                         GOTO    ENCENDER
0113   298C           00318                         GOTO    ENCENDER27
0114   21D1           00319 SELECT28        CALL            LEER
0115   1D03           00320                         BTFSS           STATUS,Z        ;CHECAR SI BIT Z = 1, DATO CORRECTO
0116   2848           00321                         GOTO    ENCENDER
0117   2996           00322                         GOTO    ENCENDER28
0118   21D1           00323 SELECT29        CALL            LEER
0119   1D03           00324                         BTFSS           STATUS,Z        ;CHECAR SI BIT Z = 1, DATO CORRECTO
011A   2848           00325                         GOTO    ENCENDER
011B   29A0           00326                         GOTO    ENCENDER29
011C   21D1           00327 SELECT30        CALL            LEER
011D   1D03           00328                         BTFSS           STATUS,Z        ;CHECAR SI BIT Z = 1, DATO CORRECTO
011E   2848           00329                         GOTO    ENCENDER
011F   29AA           00330                         GOTO    ENCENDER30
0120   21D1           00331 SELECT31        CALL            LEER
0121   1D03           00332                         BTFSS           STATUS,Z        ;CHECAR SI BIT Z = 1, DATO CORRECTO
0122   2848           00333                         GOTO    ENCENDER
0123   29B4           00334                         GOTO    ENCENDER31
0124   21D1           00335 SELECT32        CALL            LEER
0125   1D03           00336                         BTFSS           STATUS,Z        ;CHECAR SI BIT Z = 1, DATO CORRECTO
0126   2848           00337                         GOTO    ENCENDER
0127   29BE           00338                         GOTO    ENCENDER32
                      00339 
0128   1006           00340 ENCENDER17      BCF     PORTB,0                         ;ENCENDER BIT PORQUE LA CONTRASEÑA ES CORRECTA
0129   1086           00341                         BCF     PORTB,1
012A   1106           00342                         BCF     PORTB,2
012B   1186           00343                         BCF     PORTB,3
012C   1206           00344                         BCF     PORTB,4
012D   1286           00345                         BCF     PORTB,5
012E   1306           00346                         BCF     PORTB,6
012F   1786           00347                         BSF     PORTB,7
0130   21D4           00348                         CALL    TIME
0131   28EC           00349                         GOTO SELECT18
0132   1006           00350 ENCENDER18      BCF     PORTB,0
0133   1086           00351                         BCF     PORTB,1
0134   1106           00352                         BCF     PORTB,2
0135   1186           00353                         BCF     PORTB,3
0136   1206           00354                         BCF     PORTB,4
0137   1286           00355                         BCF     PORTB,5
0138   1706           00356                         BSF     PORTB,6
MPASM  5.44                    PRACTICA_8.ASM   11-6-2023  15:11:16         PAGE  8


LOC  OBJECT CODE     LINE SOURCE TEXT
  VALUE

0139   1786           00357                         BSF     PORTB,7
013A   21D4           00358                         CALL    TIME
013B   28F0           00359                         GOTO SELECT19
013C   1006           00360 ENCENDER19      BCF     PORTB,0
013D   1086           00361                         BCF     PORTB,1
013E   1106           00362                         BCF     PORTB,2
013F   1186           00363                         BCF     PORTB,3
0140   1206           00364                         BCF     PORTB,4
0141   1686           00365                         BSF     PORTB,5
0142   1706           00366                         BSF     PORTB,6
0143   1786           00367                         BSF     PORTB,7
0144   21D4           00368                         CALL    TIME
0145   28F4           00369                         GOTO SELECT20 
0146   1006           00370 ENCENDER20      BCF     PORTB,0
0147   1086           00371                         BCF     PORTB,1
0148   1106           00372                         BCF     PORTB,2
0149   1186           00373                         BCF     PORTB,3
014A   1606           00374                         BSF     PORTB,4
014B   1686           00375                         BSF     PORTB,5
014C   1706           00376                         BSF     PORTB,6
014D   1786           00377                         BSF     PORTB,7
014E   21D4           00378                         CALL    TIME
014F   28F8           00379                         GOTO SELECT21
0150   1006           00380 ENCENDER21      BCF     PORTB,0
0151   1086           00381                         BCF     PORTB,1
0152   1106           00382                         BCF     PORTB,2
0153   1586           00383                         BSF     PORTB,3
0154   1606           00384                         BSF     PORTB,4
0155   1686           00385                         BSF     PORTB,5
0156   1706           00386                         BSF     PORTB,6
0157   1786           00387                         BSF     PORTB,7
0158   21D4           00388                         CALL    TIME
0159   28FC           00389                         GOTO SELECT22
015A   1006           00390 ENCENDER22      BCF     PORTB,0
015B   1086           00391                         BCF     PORTB,1
015C   1506           00392                         BSF     PORTB,2
015D   1586           00393                         BSF     PORTB,3
015E   1606           00394                         BSF     PORTB,4
015F   1686           00395                         BSF     PORTB,5
0160   1706           00396                         BSF     PORTB,6
0161   1786           00397                         BSF     PORTB,7
0162   21D4           00398                         CALL    TIME
0163   2900           00399                         GOTO SELECT23
0164   1006           00400 ENCENDER23      BCF     PORTB,0
0165   1486           00401                         BSF     PORTB,1
0166   1506           00402                         BSF     PORTB,2
0167   1586           00403                         BSF     PORTB,3
0168   1606           00404                         BSF     PORTB,4
0169   1686           00405                         BSF     PORTB,5
016A   1706           00406                         BSF     PORTB,6
016B   1786           00407                         BSF     PORTB,7
016C   21D4           00408                         CALL    TIME
016D   2904           00409                         GOTO SELECT24
MPASM  5.44                    PRACTICA_8.ASM   11-6-2023  15:11:16         PAGE  9


LOC  OBJECT CODE     LINE SOURCE TEXT
  VALUE

016E   1406           00410 ENCENDER24      BSF     PORTB,0
016F   1486           00411                         BSF     PORTB,1
0170   1506           00412                         BSF     PORTB,2
0171   1586           00413                         BSF     PORTB,3
0172   1606           00414                         BSF     PORTB,4
0173   1686           00415                         BSF     PORTB,5
0174   1706           00416                         BSF     PORTB,6
0175   1786           00417                         BSF     PORTB,7
0176   21D4           00418                         CALL    TIME
0177   2908           00419                         GOTO SELECT25
0178   1406           00420 ENCENDER25      BSF     PORTB,0
0179   1486           00421                         BSF     PORTB,1
017A   1506           00422                         BSF     PORTB,2
017B   1586           00423                         BSF     PORTB,3
017C   1606           00424                         BSF     PORTB,4
017D   1686           00425                         BSF     PORTB,5
017E   1706           00426                         BSF     PORTB,6
017F   1386           00427                         BCF     PORTB,7
0180   21D4           00428                         CALL    TIME
0181   290C           00429                         GOTO SELECT26
0182   1406           00430 ENCENDER26      BSF     PORTB,0
0183   1486           00431                         BSF     PORTB,1
0184   1506           00432                         BSF     PORTB,2
0185   1586           00433                         BSF     PORTB,3
0186   1606           00434                         BSF     PORTB,4
0187   1686           00435                         BSF     PORTB,5
0188   1306           00436                         BCF     PORTB,6
0189   1386           00437                         BCF     PORTB,7
018A   21D4           00438                         CALL    TIME
018B   2910           00439                         GOTO SELECT27
018C   1406           00440 ENCENDER27      BSF     PORTB,0
018D   1486           00441                         BSF     PORTB,1
018E   1506           00442                         BSF     PORTB,2
018F   1586           00443                         BSF     PORTB,3
0190   1606           00444                         BSF     PORTB,4
0191   1286           00445                         BCF     PORTB,5
0192   1306           00446                         BCF     PORTB,6
0193   1386           00447                         BCF     PORTB,7
0194   21D4           00448                         CALL    TIME
0195   2914           00449                         GOTO SELECT28
0196   1406           00450 ENCENDER28      BSF     PORTB,0
0197   1486           00451                         BSF     PORTB,1
0198   1506           00452                         BSF     PORTB,2
0199   1586           00453                         BSF     PORTB,3
019A   1206           00454                         BCF     PORTB,4
019B   1286           00455                         BCF     PORTB,5
019C   1306           00456                         BCF     PORTB,6
019D   1386           00457                         BCF     PORTB,7
019E   21D4           00458                         CALL    TIME
019F   2918           00459                         GOTO SELECT29
01A0   1406           00460 ENCENDER29      BSF     PORTB,0
01A1   1486           00461                         BSF     PORTB,1
01A2   1506           00462                         BSF     PORTB,2
MPASM  5.44                    PRACTICA_8.ASM   11-6-2023  15:11:16         PAGE 10


LOC  OBJECT CODE     LINE SOURCE TEXT
  VALUE

01A3   1186           00463                         BCF     PORTB,3
01A4   1206           00464                         BCF     PORTB,4
01A5   1286           00465                         BCF     PORTB,5
01A6   1306           00466                         BCF     PORTB,6
01A7   1386           00467                         BCF     PORTB,7
01A8   21D4           00468                         CALL    TIME
01A9   291C           00469                         GOTO SELECT30
01AA   1406           00470 ENCENDER30      BSF     PORTB,0
01AB   1486           00471                         BSF     PORTB,1
01AC   1106           00472                         BCF     PORTB,2
01AD   1186           00473                         BCF     PORTB,3
01AE   1206           00474                         BCF     PORTB,4
01AF   1286           00475                         BCF     PORTB,5
01B0   1306           00476                         BCF     PORTB,6
01B1   1386           00477                         BCF     PORTB,7
01B2   21D4           00478                         CALL    TIME
01B3   2920           00479                         GOTO SELECT31
01B4   1406           00480 ENCENDER31      BSF     PORTB,0
01B5   1086           00481                         BCF     PORTB,1
01B6   1106           00482                         BCF     PORTB,2
01B7   1186           00483                         BCF     PORTB,3
01B8   1206           00484                         BCF     PORTB,4
01B9   1286           00485                         BCF     PORTB,5
01BA   1306           00486                         BCF     PORTB,6
01BB   1386           00487                         BCF     PORTB,7
01BC   21D4           00488                         CALL    TIME
01BD   2924           00489                         GOTO SELECT32
01BE   1006           00490 ENCENDER32      BCF     PORTB,0
01BF   1086           00491                         BCF     PORTB,1
01C0   1106           00492                         BCF     PORTB,2
01C1   1186           00493                         BCF     PORTB,3
01C2   1206           00494                         BCF     PORTB,4
01C3   1286           00495                         BCF     PORTB,5
01C4   1306           00496                         BCF     PORTB,6
01C5   1386           00497                         BCF     PORTB,7
01C6   21D4           00498                         CALL    TIME
01C7   28E8           00499                         GOTO SELECT17
                      00500 
01C8   1006           00501 APAGAR          BCF     PORTB,0
01C9   1086           00502                         BCF     PORTB,1
01CA   1106           00503                         BCF     PORTB,2
01CB   1186           00504                         BCF     PORTB,3
01CC   1206           00505                         BCF     PORTB,4
01CD   1286           00506                         BCF     PORTB,5
01CE   1306           00507                         BCF     PORTB,6
01CF   1386           00508                         BCF     PORTB,7
01D0   29D1           00509                         GOTO    LEER
                      00510 
                      00511 
01D1   0805           00512 LEER            MOVF            PORTA,W         ;MOVER PORTA -> W       
01D2   3A00           00513                         XORLW           0X00            ;HACER LA COMPARACIÓN DE VALORES
01D3   0008           00514                         RETURN
                      00515 
MPASM  5.44                    PRACTICA_8.ASM   11-6-2023  15:11:16         PAGE 11


LOC  OBJECT CODE     LINE SOURCE TEXT
  VALUE

                      00516                         
                      00517 
01D4   3064           00518 TIME                    MOVLW   .100
01D5   00A0           00519                         MOVWF   R0
01D6   3032           00520                         MOVLW   .50
01D7   00A1           00521                         MOVWF   R1
01D8   3002           00522                         MOVLW   .2
01D9   00A2           00523                         MOVWF   R2
                      00524 
01DA   0BA0           00525 AQUI                    DECFSZ  R0,F
01DB   29DA           00526                         GOTO    AQUI
01DC   0BA1           00527                         DECFSZ  R1,F
01DD   29DA           00528                         GOTO    AQUI
01DE   0BA2           00529                         DECFSZ  R2,F
01DF   29DA           00530                         GOTO    AQUI
01E0   0008           00531                         RETURN
                      00532                         END
MPASM  5.44                    PRACTICA_8.ASM   11-6-2023  15:11:16         PAGE 12


SYMBOL TABLE
  LABEL                             VALUE 

ABDEN                             00000000
ABDOVF                            00000007
ACKDT                             00000005
ACKEN                             00000004
ACKSTAT                           00000006
ADCON0                            0000001F
ADCON1                            0000009F
ADCS0                             00000006
ADCS1                             00000007
ADDEN                             00000003
ADFM                              00000007
ADIE                              00000006
ADIF                              00000006
ADON                              00000000
ADRESH                            0000001E
ADRESL                            0000009E
ANS0                              00000000
ANS1                              00000001
ANS10                             00000002
ANS11                             00000003
ANS12                             00000004
ANS13                             00000005
ANS2                              00000002
ANS3                              00000003
ANS4                              00000004
ANS5                              00000005
ANS6                              00000006
ANS7                              00000007
ANS8                              00000000
ANS9                              00000001
ANSEL                             00000188
ANSELH                            00000189
APAGAR                            000001C8
AQUI                              000001DA
BAUDCTL                           00000187
BCLIE                             00000003
BCLIF                             00000003
BF                                00000000
BRG0                              00000000
BRG1                              00000001
BRG10                             00000002
BRG11                             00000003
BRG12                             00000004
BRG13                             00000005
BRG14                             00000006
BRG15                             00000007
BRG16                             00000003
BRG2                              00000002
BRG3                              00000003
BRG4                              00000004
BRG5                              00000005
BRG6                              00000006
BRG7                              00000007
MPASM  5.44                    PRACTICA_8.ASM   11-6-2023  15:11:16         PAGE 13


SYMBOL TABLE
  LABEL                             VALUE 

BRG8                              00000000
BRG9                              00000001
BRGH                              00000002
C                                 00000000
C1CH0                             00000000
C1CH1                             00000001
C1IE                              00000005
C1IF                              00000005
C1OE                              00000005
C1ON                              00000007
C1OUT                             00000006
C1POL                             00000004
C1R                               00000002
C1RSEL                            00000005
C1SEN                             00000005
C2CH0                             00000000
C2CH1                             00000001
C2IE                              00000006
C2IF                              00000006
C2OE                              00000005
C2ON                              00000007
C2OUT                             00000006
C2POL                             00000004
C2R                               00000002
C2REN                             00000004
C2RSEL                            00000004
C2SYNC                            00000000
CCP1CON                           00000017
CCP1IE                            00000002
CCP1IF                            00000002
CCP1M0                            00000000
CCP1M1                            00000001
CCP1M2                            00000002
CCP1M3                            00000003
CCP1X                             00000005
CCP1Y                             00000004
CCP2CON                           0000001D
CCP2IE                            00000000
CCP2IF                            00000000
CCP2M0                            00000000
CCP2M1                            00000001
CCP2M2                            00000002
CCP2M3                            00000003
CCP2X                             00000005
CCP2Y                             00000004
CCPR1                             00000015
CCPR1H                            00000016
CCPR1L                            00000015
CCPR2                             0000001B
CCPR2H                            0000001C
CCPR2L                            0000001B
CHS0                              00000002
CHS1                              00000003
MPASM  5.44                    PRACTICA_8.ASM   11-6-2023  15:11:16         PAGE 14


SYMBOL TABLE
  LABEL                             VALUE 

CHS2                              00000004
CHS3                              00000005
CKE                               00000006
CKP                               00000004
CM1CON0                           00000107
CM2CON0                           00000108
CM2CON1                           00000109
CREN                              00000004
CSRC                              00000007
D                                 00000005
DATA_ADDRESS                      00000005
DC                                00000001
DC1B0                             00000004
DC1B1                             00000005
DC2B0                             00000004
DC2B1                             00000005
D_A                               00000005
D_NOT_A                           00000005
ECCPAS                            0000009C
ECCPAS0                           00000004
ECCPAS1                           00000005
ECCPAS2                           00000006
ECCPASE                           00000007
EEADR                             0000010D
EEADRH                            0000010F
EECON1                            0000018C
EECON2                            0000018D
EEDAT                             0000010C
EEDATA                            0000010C
EEDATH                            0000010E
EEIE                              00000004
EEIF                              00000004
EEPGD                             00000007
ENCENDER                          00000048
ENCENDER10                        000000A2
ENCENDER11                        000000AC
ENCENDER12                        000000B6
ENCENDER13                        000000C0
ENCENDER14                        000000CA
ENCENDER15                        000000D4
ENCENDER16                        000000DE
ENCENDER17                        00000128
ENCENDER18                        00000132
ENCENDER19                        0000013C
ENCENDER2                         00000052
ENCENDER20                        00000146
ENCENDER21                        00000150
ENCENDER22                        0000015A
ENCENDER23                        00000164
ENCENDER24                        0000016E
ENCENDER25                        00000178
ENCENDER26                        00000182
ENCENDER27                        0000018C
MPASM  5.44                    PRACTICA_8.ASM   11-6-2023  15:11:16         PAGE 15


SYMBOL TABLE
  LABEL                             VALUE 

ENCENDER28                        00000196
ENCENDER29                        000001A0
ENCENDER3                         0000005C
ENCENDER30                        000001AA
ENCENDER31                        000001B4
ENCENDER32                        000001BE
ENCENDER4                         00000066
ENCENDER5                         00000070
ENCENDER6                         0000007A
ENCENDER7                         00000084
ENCENDER8                         0000008E
ENCENDER9                         00000098
F                                 00000001
FERR                              00000002
FSR                               00000004
FVREN                             00000000
GCEN                              00000007
GIE                               00000007
GO                                00000001
GO_DONE                           00000001
GO_NOT_DONE                       00000001
HTS                               00000002
I2C_DATA                          00000005
I2C_READ                          00000002
I2C_START                         00000003
I2C_STOP                          00000004
INDF                              00000000
INICIO                            00000001
INTCON                            0000000B
INTE                              00000004
INTEDG                            00000006
INTF                              00000001
IOCB                              00000096
IOCB0                             00000000
IOCB1                             00000001
IOCB2                             00000002
IOCB3                             00000003
IOCB4                             00000004
IOCB5                             00000005
IOCB6                             00000006
IOCB7                             00000007
IRCF0                             00000004
IRCF1                             00000005
IRCF2                             00000006
IRP                               00000007
LEER                              000001D1
LTS                               00000001
MC1OUT                            00000007
MC2OUT                            00000006
MSK                               00000093
MSK0                              00000000
MSK1                              00000001
MSK2                              00000002
MPASM  5.44                    PRACTICA_8.ASM   11-6-2023  15:11:16         PAGE 16


SYMBOL TABLE
  LABEL                             VALUE 

MSK3                              00000003
MSK4                              00000004
MSK5                              00000005
MSK6                              00000006
MSK7                              00000007
NOT_A                             00000005
NOT_ADDRESS                       00000005
NOT_BO                            00000000
NOT_BOR                           00000000
NOT_DONE                          00000001
NOT_PD                            00000003
NOT_POR                           00000001
NOT_RBPU                          00000007
NOT_RC8                           00000006
NOT_T1SYNC                        00000002
NOT_TO                            00000004
NOT_TX8                           00000006
NOT_W                             00000002
NOT_WRITE                         00000002
OERR                              00000001
OPTION_REG                        00000081
OSCCON                            0000008F
OSCTUNE                           00000090
OSFIE                             00000007
OSFIF                             00000007
OSTS                              00000003
P                                 00000004
P1M0                              00000006
P1M1                              00000007
PCL                               00000002
PCLATH                            0000000A
PCON                              0000008E
PDC0                              00000000
PDC1                              00000001
PDC2                              00000002
PDC3                              00000003
PDC4                              00000004
PDC5                              00000005
PDC6                              00000006
PEIE                              00000006
PEN                               00000002
PIE1                              0000008C
PIE2                              0000008D
PIR1                              0000000C
PIR2                              0000000D
PORTA                             00000005
PORTB                             00000006
PORTC                             00000007
PORTD                             00000008
PORTE                             00000009
PR2                               00000092
PRSEN                             00000007
PS0                               00000000
MPASM  5.44                    PRACTICA_8.ASM   11-6-2023  15:11:16         PAGE 17


SYMBOL TABLE
  LABEL                             VALUE 

PS1                               00000001
PS2                               00000002
PSA                               00000003
PSSAC0                            00000002
PSSAC1                            00000003
PSSBD0                            00000000
PSSBD1                            00000001
PSTRCON                           0000009D
PULSR                             00000002
PULSS                             00000003
PWM1CON                           0000009B
R                                 00000002
R0                                00000020
R1                                00000021
R2                                00000022
RA0                               00000000
RA1                               00000001
RA2                               00000002
RA3                               00000003
RA4                               00000004
RA5                               00000005
RA6                               00000006
RA7                               00000007
RB0                               00000000
RB1                               00000001
RB2                               00000002
RB3                               00000003
RB4                               00000004
RB5                               00000005
RB6                               00000006
RB7                               00000007
RBIE                              00000003
RBIF                              00000000
RC0                               00000000
RC1                               00000001
RC2                               00000002
RC3                               00000003
RC4                               00000004
RC5                               00000005
RC6                               00000006
RC7                               00000007
RC8_9                             00000006
RC9                               00000006
RCD8                              00000000
RCEN                              00000003
RCIDL                             00000006
RCIE                              00000005
RCIF                              00000005
RCREG                             0000001A
RCSTA                             00000018
RD                                00000000
RD0                               00000000
RD1                               00000001
MPASM  5.44                    PRACTICA_8.ASM   11-6-2023  15:11:16         PAGE 18


SYMBOL TABLE
  LABEL                             VALUE 

RD2                               00000002
RD3                               00000003
RD4                               00000004
RD5                               00000005
RD6                               00000006
RD7                               00000007
RE0                               00000000
RE1                               00000001
RE2                               00000002
RE3                               00000003
READ_WRITE                        00000002
RP0                               00000005
RP1                               00000006
RSEN                              00000001
RX9                               00000006
RX9D                              00000000
R_NOT_W                           00000002
R_W                               00000002
S                                 00000003
SBOREN                            00000004
SCKP                              00000004
SCS                               00000000
SELECT                            00000008
SELECT10                          0000002C
SELECT11                          00000030
SELECT12                          00000034
SELECT13                          00000038
SELECT14                          0000003C
SELECT15                          00000040
SELECT16                          00000044
SELECT17                          000000E8
SELECT18                          000000EC
SELECT19                          000000F0
SELECT2                           0000000C
SELECT20                          000000F4
SELECT21                          000000F8
SELECT22                          000000FC
SELECT23                          00000100
SELECT24                          00000104
SELECT25                          00000108
SELECT26                          0000010C
SELECT27                          00000110
SELECT28                          00000114
SELECT29                          00000118
SELECT3                           00000010
SELECT30                          0000011C
SELECT31                          00000120
SELECT32                          00000124
SELECT4                           00000014
SELECT5                           00000018
SELECT6                           0000001C
SELECT7                           00000020
SELECT8                           00000024
MPASM  5.44                    PRACTICA_8.ASM   11-6-2023  15:11:16         PAGE 19


SYMBOL TABLE
  LABEL                             VALUE 

SELECT9                           00000028
SEN                               00000000
SENDB                             00000003
SMP                               00000007
SPBRG                             00000099
SPBRGH                            0000009A
SPEN                              00000007
SR0                               00000006
SR1                               00000007
SRCON                             00000185
SREN                              00000005
SSPADD                            00000093
SSPBUF                            00000013
SSPCON                            00000014
SSPCON2                           00000091
SSPEN                             00000005
SSPIE                             00000003
SSPIF                             00000003
SSPM0                             00000000
SSPM1                             00000001
SSPM2                             00000002
SSPM3                             00000003
SSPMSK                            00000093
SSPOV                             00000006
SSPSTAT                           00000094
STATUS                            00000003
STRA                              00000000
STRB                              00000001
STRC                              00000002
STRD                              00000003
STRSYNC                           00000004
SWDTEN                            00000000
SYNC                              00000004
T0CS                              00000005
T0IE                              00000005
T0IF                              00000002
T0SE                              00000004
T1CKPS0                           00000004
T1CKPS1                           00000005
T1CON                             00000010
T1GINV                            00000007
T1GIV                             00000007
T1GSS                             00000001
T1INSYNC                          00000002
T1OSCEN                           00000003
T1SYNC                            00000002
T2CKPS0                           00000000
T2CKPS1                           00000001
T2CON                             00000012
TIME                              000001D4
TMR0                              00000001
TMR0IE                            00000005
TMR0IF                            00000002
MPASM  5.44                    PRACTICA_8.ASM   11-6-2023  15:11:16         PAGE 20


SYMBOL TABLE
  LABEL                             VALUE 

TMR1                              0000000E
TMR1CS                            00000001
TMR1GE                            00000006
TMR1H                             0000000F
TMR1IE                            00000000
TMR1IF                            00000000
TMR1L                             0000000E
TMR1ON                            00000000
TMR2                              00000011
TMR2IE                            00000001
TMR2IF                            00000001
TMR2ON                            00000002
TOUTPS0                           00000003
TOUTPS1                           00000004
TOUTPS2                           00000005
TOUTPS3                           00000006
TRISA                             00000085
TRISA0                            00000000
TRISA1                            00000001
TRISA2                            00000002
TRISA3                            00000003
TRISA4                            00000004
TRISA5                            00000005
TRISA6                            00000006
TRISA7                            00000007
TRISB                             00000086
TRISB0                            00000000
TRISB1                            00000001
TRISB2                            00000002
TRISB3                            00000003
TRISB4                            00000004
TRISB5                            00000005
TRISB6                            00000006
TRISB7                            00000007
TRISC                             00000087
TRISC0                            00000000
TRISC1                            00000001
TRISC2                            00000002
TRISC3                            00000003
TRISC4                            00000004
TRISC5                            00000005
TRISC6                            00000006
TRISC7                            00000007
TRISD                             00000088
TRISD0                            00000000
TRISD1                            00000001
TRISD2                            00000002
TRISD3                            00000003
TRISD4                            00000004
TRISD5                            00000005
TRISD6                            00000006
TRISD7                            00000007
TRISE                             00000089
MPASM  5.44                    PRACTICA_8.ASM   11-6-2023  15:11:16         PAGE 21


SYMBOL TABLE
  LABEL                             VALUE 

TRISE0                            00000000
TRISE1                            00000001
TRISE2                            00000002
TRISE3                            00000003
TRMT                              00000001
TUN0                              00000000
TUN1                              00000001
TUN2                              00000002
TUN3                              00000003
TUN4                              00000004
TX8_9                             00000006
TX9                               00000006
TX9D                              00000000
TXD8                              00000000
TXEN                              00000005
TXIE                              00000004
TXIF                              00000004
TXREG                             00000019
TXSTA                             00000098
UA                                00000001
ULPWUE                            00000005
ULPWUIE                           00000002
ULPWUIF                           00000002
VCFG0                             00000004
VCFG1                             00000005
VR0                               00000000
VR1                               00000001
VR2                               00000002
VR3                               00000003
VRCON                             00000097
VREN                              00000007
VROE                              00000006
VRR                               00000005
VRSS                              00000004
W                                 00000000
WCOL                              00000007
WDTCON                            00000105
WDTPS0                            00000001
WDTPS1                            00000002
WDTPS2                            00000003
WDTPS3                            00000004
WPUB                              00000095
WPUB0                             00000000
WPUB1                             00000001
WPUB2                             00000002
WPUB3                             00000003
WPUB4                             00000004
WPUB5                             00000005
WPUB6                             00000006
WPUB7                             00000007
WR                                00000001
WREN                              00000002
WRERR                             00000003
MPASM  5.44                    PRACTICA_8.ASM   11-6-2023  15:11:16         PAGE 22


SYMBOL TABLE
  LABEL                             VALUE 

WUE                               00000001
Z                                 00000002
_BOR21V                           00003EFF
_BOR40V                           00003FFF
_BOR4V_BOR21V                     00003EFF
_BOR4V_BOR40V                     00003FFF
_BOREN_NSLEEP                     00003EFF
_BOREN_OFF                        00003CFF
_BOREN_ON                         00003FFF
_BOREN_SBODEN                     00003DFF
_BOR_NSLEEP                       00003EFF
_BOR_OFF                          00003CFF
_BOR_ON                           00003FFF
_BOR_SBODEN                       00003DFF
_CONFIG1                          00002007
_CONFIG2                          00002008
_CPD_OFF                          00003FFF
_CPD_ON                           00003F7F
_CP_OFF                           00003FFF
_CP_ON                            00003FBF
_DEBUG_OFF                        00003FFF
_DEBUG_ON                         00001FFF
_DEVID1                           00002006
_EC_OSC                           00003FFB
_EXTRC                            00003FFF
_EXTRCIO                          00003FFE
_EXTRC_OSC_CLKOUT                 00003FFF
_EXTRC_OSC_NOCLKOUT               00003FFE
_FCMEN_OFF                        000037FF
_FCMEN_ON                         00003FFF
_FOSC_EC                          00003FFB
_FOSC_EXTRC_CLKOUT                00003FFF
_FOSC_EXTRC_NOCLKOUT              00003FFE
_FOSC_HS                          00003FFA
_FOSC_INTRC_CLKOUT                00003FFD
_FOSC_INTRC_NOCLKOUT              00003FFC
_FOSC_LP                          00003FF8
_FOSC_XT                          00003FF9
_HS_OSC                           00003FFA
_IDLOC0                           00002000
_IDLOC1                           00002001
_IDLOC2                           00002002
_IDLOC3                           00002003
_IESO_OFF                         00003BFF
_IESO_ON                          00003FFF
_INTOSC                           00003FFD
_INTOSCIO                         00003FFC
_INTRC_OSC_CLKOUT                 00003FFD
_INTRC_OSC_NOCLKOUT               00003FFC
_LP_OSC                           00003FF8
_LVP_OFF                          00002FFF
_LVP_ON                           00003FFF
_MCLRE_OFF                        00003FDF
MPASM  5.44                    PRACTICA_8.ASM   11-6-2023  15:11:16         PAGE 23


SYMBOL TABLE
  LABEL                             VALUE 

_MCLRE_ON                         00003FFF
_PWRTE_OFF                        00003FFF
_PWRTE_ON                         00003FEF
_WDTE_OFF                         00003FF7
_WDTE_ON                          00003FFF
_WDT_OFF                          00003FF7
_WDT_ON                           00003FFF
_WRT_1FOURTH                      00003BFF
_WRT_256                          00003DFF
_WRT_HALF                         000039FF
_WRT_OFF                          00003FFF
_XT_OSC                           00003FF9
__16F887                          00000001


MEMORY USAGE MAP ('X' = Used,  '-' = Unused)

0000 : XXXXXXXXXXXXXXXX XXXXXXXXXXXXXXXX XXXXXXXXXXXXXXXX XXXXXXXXXXXXXXXX
0040 : XXXXXXXXXXXXXXXX XXXXXXXXXXXXXXXX XXXXXXXXXXXXXXXX XXXXXXXXXXXXXXXX
0080 : XXXXXXXXXXXXXXXX XXXXXXXXXXXXXXXX XXXXXXXXXXXXXXXX XXXXXXXXXXXXXXXX
00C0 : XXXXXXXXXXXXXXXX XXXXXXXXXXXXXXXX XXXXXXXXXXXXXXXX XXXXXXXXXXXXXXXX
0100 : XXXXXXXXXXXXXXXX XXXXXXXXXXXXXXXX XXXXXXXXXXXXXXXX XXXXXXXXXXXXXXXX
0140 : XXXXXXXXXXXXXXXX XXXXXXXXXXXXXXXX XXXXXXXXXXXXXXXX XXXXXXXXXXXXXXXX
0180 : XXXXXXXXXXXXXXXX XXXXXXXXXXXXXXXX XXXXXXXXXXXXXXXX XXXXXXXXXXXXXXXX
01C0 : XXXXXXXXXXXXXXXX XXXXXXXXXXXXXXXX X--------------- ----------------

All other memory blocks unused.

Program Memory Words Used:   481
Program Memory Words Free:  7711


Errors   :     0
Warnings :     0 reported,     0 suppressed
Messages :     2 reported,     0 suppressed

